00:00:00:000;0,0,0,0,6;0,1,0,0,6;0,2,0,0,6;0,3,0,0,6;0,4,0,0,6;0,5,0,0,6;0,6,0,0,6;0,7,0,0,6;0,8,0,0,6;0,9,0,0,6;1,0,0,0,6;1,1,0,0,6;1,2,0,0,6;1,3,0,0,6;1,4,0,0,6;1,5,0,0,6;1,6,0,0,6;1,7,0,0,6;1,8,0,0,6;1,9,0,0,6;2,0,0,0,6;2,1,0,0,6;2,2,0,0,6;2,3,0,0,6;2,4,0,0,6;2,5,0,0,6;2,6,0,0,6;2,7,0,0,6;2,8,0,0,6;2,9,0,0,6;3,0,0,0,6;3,1,0,0,6;3,2,0,0,6;3,3,0,0,6;3,4,0,0,6;3,5,0,0,6;3,6,0,0,6;3,7,0,0,6;3,8,0,0,6;3,9,0,0,6;4,0,0,0,6;4,1,0,0,6;4,2,0,0,6;4,3,0,0,6;4,4,0,0,6;4,5,0,0,6;4,6,0,0,6;4,7,0,0,6;4,8,0,0,6;4,9,0,0,6;5,0,0,0,6;5,1,0,0,6;5,2,0,0,6;5,3,0,0,6;5,4,0,0,6;5,5,0,0,6;5,6,0,0,6;5,7,0,0,6;5,8,0,0,6;5,9,0,0,6;6,0,0,0,6;6,1,0,0,6;6,2,0,0,6;6,3,0,0,6;6,4,0,0,6;6,5,0,0,6;6,6,0,0,6;6,7,0,0,6;6,8,0,0,6;6,9,0,0,6;7,0,0,0,6;7,1,0,0,6;7,2,0,0,6;7,3,0,0,6;7,4,0,0,6;7,5,0,0,6;7,6,0,0,6;7,7,0,0,6;7,8,0,0,6;7,9,0,0,6;8,0,0,0,6;8,1,0,0,6;8,2,0,0,6;8,3,0,0,6;8,4,0,0,6;8,5,0,0,6;8,6,0,0,6;8,7,0,0,6;8,8,0,0,6;8,9,0,0,6;9,0,0,0,6;9,1,0,0,6;9,2,0,0,6;9,3,0,0,6;9,4,0,0,6;9,5,0,0,6;9,6,0,0,6;9,7,0,0,6;9,8,0,0,6;9,9,0,0,6
00:00:00:010;0,5,0,0,5;1,0,0,0,5;5,0,0,0,5
00:00:00:020;0,4,0,0,11;0,5,0,0,0;1,0,0,0,0;2,0,0,0,11;5,0,0,0,0;6,0,0,0,11
00:00:00:030;0,4,0,0,5;2,0,0,0,5;6,0,0,0,5
00:00:00:040;0,3,0,0,11;0,4,0,0,0;2,0,0,0,0;3,0,0,0,11;6,0,0,0,0;7,0,0,0,12
00:00:00:050;0,3,0,0,5;3,0,0,0,5;7,0,0,0,3
00:00:00:060;0,2,0,0,11;0,3,0,0,0;3,0,0,0,0;4,0,0,0,11
00:00:00:070;0,2,0,0,5;4,0,0,0,5
00:00:00:080;0,1,0,0,11;0,2,0,0,0;4,0,0,0,0;5,1,0,0,11
00:00:00:090;0,1,0,0,5;5,1,0,0,5
00:00:00:100;0,0,0,0,11;0,1,0,0,0;5,1,0,0,0;6,1,0,0,11
00:00:00:110;0,0,0,0,5;6,1,0,0,5
00:00:00:120;0,0,0,0,0;1,1,0,0,11;6,1,0,0,0;7,1,0,0,11
00:00:00:130;1,1,0,0,5;7,1,0,0,5
00:00:00:140;1,1,0,0,0;2,1,0,0,11;7,1,0,0,0;8,0,0,0,11
00:00:00:150;2,1,0,0,5;8,0,0,0,5
00:00:00:160;2,1,0,0,0;3,1,0,0,11;8,0,0,0,0;9,0,0,0,11
00:00:00:170;3,1,0,0,5;9,0,0,0,5
00:00:00:180;3,1,0,0,0;4,1,0,0,11;9,0,0,0,0;9,1,0,0,11
00:00:00:190;4,1,0,0,5;9,1,0,0,5
00:00:00:200;4,1,0,0,0;5,2,0,0,11;9,1,0,0,0;9,2,0,0,11
00:00:00:210;5,2,0,0,5;9,2,0,0,5
00:00:00:220;5,2,0,0,0;6,2,0,0,11;9,2,0,0,0;9,3,0,0,11
00:00:00:230;6,2,0,0,5;9,3,0,0,5
00:00:00:240;6,2,0,0,0;7,2,0,0,11;9,3,0,0,0;9,4,0,0,11
00:00:00:250;7,2,0,0,5;9,4,0,0,5
00:00:00:260;7,2,0,0,0;8,1,0,0,11;9,4,0,0,0;9,5,0,0,12
00:00:00:270;8,1,0,0,5;9,5,0,0,3
00:00:00:280;8,1,0,0,0;8,2,0,0,11
00:00:00:290;8,2,0,0,5
00:00:00:300;8,2,0,0,0;8,3,0,0,11
00:00:00:310;8,3,0,0,5
00:00:00:320;8,3,0,0,0;8,4,0,0,11
00:00:00:330;8,4,0,0,5
00:00:00:340;8,4,0,0,0;8,5,0,0,11
00:00:00:350;8,5,0,0,5
00:00:00:360;8,5,0,0,0;9,6,0,0,11
00:00:00:370;9,6,0,0,5
00:00:00:380;9,6,0,0,0;9,7,0,0,11
00:00:00:390;9,7,0,0,5
00:00:00:400;9,7,0,0,0;9,8,0,0,11
00:00:00:410;9,8,0,0,5
00:00:00:420;9,8,0,0,0;9,9,0,0,11
00:00:00:430;9,9,0,0,5
00:00:00:440;8,9,0,0,11;9,9,0,0,0
00:00:00:450;8,9,0,0,5
00:00:00:460;7,9,0,0,11;8,9,0,0,0
00:00:00:470;7,9,0,0,5
00:00:00:480;6,9,0,0,11;7,9,0,0,0
00:00:00:490;6,9,0,0,5
00:00:00:500;5,9,0,0,11;6,9,0,0,0
00:00:00:510;5,9,0,0,5
00:00:00:520;4,9,0,0,11;5,9,0,0,0
00:00:00:530;4,9,0,0,5
00:00:00:540;3,9,0,0,11;4,9,0,0,0
00:00:00:550;3,9,0,0,5
00:00:00:560;2,9,0,0,11;3,9,0,0,0
00:00:00:570;2,9,0,0,5
00:00:00:580;1,9,0,0,11;2,9,0,0,0
00:00:00:590;1,9,0,0,5
00:00:00:600;0,9,0,0,11;1,9,0,0,0
00:00:00:610;0,9,0,0,5
00:00:00:620;0,8,0,0,11;0,9,0,0,0
00:00:00:630;0,8,0,0,5
00:00:00:640;0,7,0,0,11;0,8,0,0,0
00:00:00:650;0,7,0,0,5
00:00:00:660;0,6,0,0,11;0,7,0,0,0
00:00:00:670;0,6,0,0,5
00:00:00:680;0,6,0,0,0;1,5,0,0,11
00:00:00:690;1,5,0,0,5
00:00:00:700;1,4,0,0,11;1,5,0,0,0
00:00:00:710;1,4,0,0,5
00:00:00:720;1,3,0,0,11;1,4,0,0,0
00:00:00:730;1,3,0,0,5
00:00:00:740;1,2,0,0,11;1,3,0,0,0
00:00:00:750;1,2,0,0,5
00:00:00:760;1,2,0,0,0;2,2,0,0,11
00:00:00:770;2,2,0,0,5
00:00:00:780;2,2,0,0,0;3,2,0,0,11
00:00:00:790;3,2,0,0,5
00:00:00:800;3,2,0,0,0;4,2,0,0,11
00:00:00:810;4,2,0,0,5
00:00:00:820;4,2,0,0,0;5,3,0,0,11
00:00:00:830;5,3,0,0,5
00:00:00:840;5,3,0,0,0;6,3,0,0,11
00:00:00:850;6,3,0,0,5
00:00:00:860;6,3,0,0,0;7,3,0,0,11
00:00:00:870;7,3,0,0,5
00:00:00:880;7,3,0,0,0;7,4,0,0,11
00:00:00:890;7,4,0,0,5
00:00:00:900;7,4,0,0,0;7,5,0,0,11
00:00:00:910;7,5,0,0,5
00:00:00:920;7,5,0,0,0;8,6,0,0,11
00:00:00:930;8,6,0,0,5
00:00:00:940;8,6,0,0,0;8,7,0,0,11
00:00:00:950;8,7,0,0,5
00:00:00:960;8,7,0,0,0;8,8,0,0,11
00:00:00:970;8,8,0,0,5
00:00:00:980;7,8,0,0,11;8,8,0,0,0
00:00:00:990;7,8,0,0,5
00:00:01:000;6,8,0,0,11;7,8,0,0,0
00:00:01:010;6,8,0,0,5
00:00:01:020;5,8,0,0,11;6,8,0,0,0
00:00:01:030;5,8,0,0,5
00:00:01:040;4,8,0,0,11;5,8,0,0,0
00:00:01:050;4,8,0,0,5
00:00:01:060;3,8,0,0,11;4,8,0,0,0
00:00:01:070;3,8,0,0,5
00:00:01:080;2,8,0,0,11;3,8,0,0,0
00:00:01:090;2,8,0,0,5
00:00:01:100;1,8,0,0,11;2,8,0,0,0
00:00:01:110;1,8,0,0,5
00:00:01:120;1,7,0,0,11;1,8,0,0,0
00:00:01:130;1,7,0,0,5
00:00:01:140;1,6,0,0,11;1,7,0,0,0
00:00:01:150;1,6,0,0,5
00:00:01:160;1,6,0,0,0;2,5,0,0,11
00:00:01:170;2,5,0,0,5
00:00:01:180;2,4,0,0,11;2,5,0,0,0
00:00:01:190;2,4,0,0,5
00:00:01:200;2,3,0,0,11;2,4,0,0,0
00:00:01:210;2,3,0,0,5
00:00:01:220;2,3,0,0,0;3,3,0,0,11
00:00:01:230;3,3,0,0,5
00:00:01:240;3,3,0,0,0;4,3,0,0,11
00:00:01:250;4,3,0,0,5
00:00:01:260;4,3,0,0,0;5,4,0,0,11
00:00:01:270;5,4,0,0,5
00:00:01:280;5,4,0,0,0;6,4,0,0,11
00:00:01:290;6,4,0,0,5
00:00:01:300;6,4,0,0,0;6,5,0,0,11
00:00:01:310;6,5,0,0,5
00:00:01:320;6,5,0,0,0;7,6,0,0,11
00:00:01:330;7,6,0,0,5
00:00:01:340;7,6,0,0,0;7,7,0,0,11
00:00:01:350;7,7,0,0,5
00:00:01:360;6,7,0,0,11;7,7,0,0,0
00:00:01:370;6,7,0,0,5
00:00:01:380;5,7,0,0,11;6,7,0,0,0
00:00:01:390;5,7,0,0,5
00:00:01:400;4,7,0,0,11;5,7,0,0,0
00:00:01:410;4,7,0,0,5
00:00:01:420;3,7,0,0,11;4,7,0,0,0
00:00:01:430;3,7,0,0,5
00:00:01:440;2,7,0,0,11;3,7,0,0,0
00:00:01:450;2,7,0,0,5
00:00:01:460;2,6,0,0,11;2,7,0,0,0
00:00:01:470;2,6,0,0,5
00:00:01:480;2,6,0,0,0;3,5,0,0,11
00:00:01:490;3,5,0,0,5
00:00:01:500;3,4,0,0,11;3,5,0,0,0
00:00:01:510;3,4,0,0,5
00:00:01:520;3,4,0,0,0;4,4,0,0,11
00:00:01:530;4,4,0,0,5
00:00:01:540;4,4,0,0,0;5,5,0,0,11
00:00:01:550;5,5,0,0,5
00:00:01:560;5,5,0,0,0;6,6,0,0,11
00:00:01:570;6,6,0,0,5
00:00:01:580;5,6,0,0,11;6,6,0,0,0
00:00:01:590;5,6,0,0,5
00:00:01:600;4,6,0,0,11;5,6,0,0,0
00:00:01:610;4,6,0,0,5
00:00:01:620;3,6,0,0,11;4,6,0,0,0
00:00:01:630;3,6,0,0,5
00:00:01:640;3,6,0,0,0;4,5,0,0,11
00:00:01:650;4,5,0,0,5