00:00:20:000
6,11.00000
8,1.00000
00:00:22:987
20,11.00000
00:00:32:987
17,1.00000
00:00:50:000
6,11.00000
8,1.00000
00:00:51:957
20,11.00000
00:01:01:957
17,1.00000
00:01:04:992
23,1.00000
9,1.00000
00:01:14:992
6,20.00000
8,2.00000
00:01:17:174
20,20.00000
00:01:27:174
17,0.00000
00:01:44:992
6,20.00000
8,2.00000
00:01:48:841
20,20.00000
00:01:58:841
17,0.00000
00:02:02:496
23,0.00000
9,0.00000
00:02:12:496
6,31.00000
8,3.00000
00:02:15:942
20,31.00000
00:02:25:942
17,1.00000
00:02:28:772
23,1.00000
9,1.00000
00:02:38:772
6,40.00000
8,4.00000
00:02:41:172
20,40.00000
00:02:51:172
17,0.00000
00:02:54:859
23,0.00000
9,0.00000
00:03:04:859
6,51.00000
8,5.00000
00:03:05:914
20,51.00000
00:03:15:914
17,1.00000
00:03:19:592
23,1.00000
9,1.00000
00:03:29:592
6,60.00000
8,6.00000
00:03:33:271
20,60.00000
00:03:43:271
17,0.00000
00:03:48:030
23,0.00000
9,0.00000
00:03:58:030
6,71.00000
8,7.00000
00:04:01:114
20,71.00000
00:04:11:114
17,1.00000
00:04:13:647
23,1.00000
9,1.00000
00:04:23:647
6,80.00000
8,8.00000
00:04:25:351
20,80.00000
00:04:35:351
17,0.00000
00:04:37:770
23,0.00000
9,0.00000
00:04:47:770
6,91.00000
8,9.00000
00:04:50:996
20,91.00000
00:05:00:996
17,1.00000
00:05:05:864
23,1.00000
9,1.00000
00:05:15:864
6,100.00000
8,10.00000
00:05:18:590
20,100.00000
00:05:28:590
17,0.00000
00:05:33:212
23,0.00000
9,0.00000
00:05:43:212
6,111.00000
8,11.00000
00:05:45:594
20,111.00000
00:05:55:594
17,1.00000
00:05:58:706
23,1.00000
9,1.00000
00:06:08:706
6,120.00000
8,12.00000
00:06:11:543
20,120.00000
00:06:21:543
17,0.00000
00:06:24:857
23,0.00000
9,0.00000
00:06:34:857
6,131.00000
8,13.00000
00:06:36:356
20,131.00000
00:06:46:356
17,1.00000
00:06:49:584
23,1.00000
9,1.00000
00:06:59:584
6,140.00000
8,14.00000
00:07:03:120
20,140.00000
00:07:13:120
17,0.00000
00:07:17:109
23,0.00000
9,0.00000
00:07:27:109
6,151.00000
8,15.00000
00:07:29:641
20,151.00000
00:07:39:641
17,1.00000
00:07:42:625
23,1.00000
9,1.00000
00:07:52:625
6,160.00000
8,16.00000
00:07:54:278
20,160.00000
00:08:04:278
17,0.00000
00:08:07:797
23,0.00000
9,0.00000
00:08:17:797
6,171.00000
8,17.00000
00:08:21:926
20,171.00000
00:08:31:926
17,1.00000
00:08:34:469
23,1.00000
9,1.00000
00:08:44:469
6,180.00000
8,18.00000
00:09:14:469
6,180.00000
8,18.00000
00:09:16:657
20,180.00000
00:09:26:657
17,0.00000
00:09:31:234
23,0.00000
9,0.00000
00:09:41:234
6,191.00000
8,19.00000
00:09:43:515
20,191.00000
00:09:53:515
17,1.00000
00:09:53:818
23,1.00000
9,1.00000
00:10:03:818
6,200.00000
8,20.00000
00:10:07:096
20,200.00000
00:10:17:096
17,0.00000
00:10:21:316
23,0.00000
9,0.00000
