00:00:00:000
12,1.00000
13,100.00000
14,1.00000
24,2.00000
25,200.00000
26,2.00000
36,3.00000
37,300.00000
38,3.00000
76,1.00000
77,100.00000
78,1.00000
20:00:00:000
87,1.00000
80,1.00000
76,2.00000
77,200.00000
78,2.00000
50,1.00000
9,1.00000
10,100.00000
11,2.00000
92,1.00000
93,100.00000
94,2.00000
25:00:00:000
103,1.00000
96,1.00000
57,1.00000
49:00:00:000
9,1.00000
10,100.00000
11,2.00000
92,2.00000
93,100.00000
94,2.00000
54:00:00:000
103,2.00000
96,2.00000
57,2.00000
60:00:00:000
87,2.00000
81,2.00000
76,3.00000
77,300.00000
78,3.00000
51,2.00000
21,2.00000
22,200.00000
23,3.00000
92,3.00000
93,200.00000
94,3.00000
70:00:00:000
103,3.00000
97,3.00000
58,3.00000
78:00:00:000
9,1.00000
10,100.00000
11,2.00000
92,4.00000
93,100.00000
94,2.00000
83:00:00:000
103,4.00000
96,4.00000
57,4.00000
107:00:00:000
9,1.00000
10,100.00000
11,2.00000
92,5.00000
93,100.00000
94,2.00000
112:00:00:000
103,5.00000
96,5.00000
57,5.00000
120:00:00:000
87,3.00000
82,3.00000
52,3.00000
33,3.00000
34,300.00000
35,1.00000
92,6.00000
93,300.00000
94,1.00000
135:00:00:000
103,6.00000
98,6.00000
59,6.00000
136:00:00:000
9,1.00000
10,100.00000
11,2.00000
92,7.00000
93,100.00000
94,2.00000
141:00:00:000
103,7.00000
96,7.00000
57,7.00000
142:00:00:000
21,2.00000
22,200.00000
23,3.00000
92,8.00000
93,200.00000
94,3.00000
152:00:00:000
103,8.00000
97,8.00000
58,8.00000
165:00:00:000
9,1.00000
10,100.00000
11,2.00000
92,9.00000
93,100.00000
94,2.00000
170:00:00:000
103,9.00000
96,9.00000
57,9.00000
183:00:00:000
33,3.00000
34,300.00000
35,1.00000
92,10.00000
93,300.00000
94,1.00000
194:00:00:000
9,1.00000
10,100.00000
11,2.00000
198:00:00:000
103,10.00000
98,10.00000
92,11.00000
93,100.00000
94,2.00000
59,10.00000
203:00:00:000
103,11.00000
96,11.00000
57,11.00000
224:00:00:000
21,2.00000
22,200.00000
23,3.00000
92,12.00000
93,200.00000
94,3.00000
227:00:00:000
9,1.00000
10,100.00000
11,2.00000
234:00:00:000
103,12.00000
97,12.00000
92,13.00000
93,100.00000
94,2.00000
58,12.00000
239:00:00:000
103,13.00000
96,13.00000
57,13.00000
246:00:00:000
33,3.00000
34,300.00000
35,1.00000
92,14.00000
93,300.00000
94,1.00000
261:00:00:000
103,14.00000
98,14.00000
59,14.00000
263:00:00:000
9,1.00000
10,100.00000
11,2.00000
92,15.00000
93,100.00000
94,2.00000
268:00:00:000
103,15.00000
96,15.00000
57,15.00000
292:00:00:000
9,1.00000
10,100.00000
11,2.00000
92,16.00000
93,100.00000
94,2.00000
297:00:00:000
103,16.00000
96,16.00000
57,16.00000
306:00:00:000
21,2.00000
22,200.00000
23,3.00000
92,17.00000
93,200.00000
94,3.00000
309:00:00:000
33,3.00000
34,300.00000
35,1.00000
316:00:00:000
103,17.00000
97,17.00000
92,18.00000
93,300.00000
94,1.00000
58,17.00000
321:00:00:000
9,1.00000
10,100.00000
11,2.00000
331:00:00:000
103,18.00000
98,18.00000
92,19.00000
93,100.00000
94,2.00000
59,18.00000
336:00:00:000
103,19.00000
96,19.00000
57,19.00000
360:00:00:000
9,1.00000
10,100.00000
11,2.00000
92,20.00000
93,100.00000
94,2.00000
365:00:00:000
103,20.00000
96,20.00000
57,20.00000
379:00:00:000
33,3.00000
34,300.00000
35,1.00000
92,21.00000
93,300.00000
94,1.00000
388:00:00:000
21,2.00000
22,200.00000
23,3.00000
389:00:00:000
9,1.00000
10,100.00000
11,2.00000
394:00:00:000
103,21.00000
98,21.00000
92,22.00000
93,200.00000
94,3.00000
59,21.00000
404:00:00:000
103,22.00000
97,22.00000
92,23.00000
93,100.00000
94,2.00000
58,22.00000
409:00:00:000
103,23.00000
96,23.00000
57,23.00000
433:00:00:000
9,1.00000
10,100.00000
11,2.00000
92,24.00000
93,100.00000
94,2.00000
438:00:00:000
103,24.00000
96,24.00000
57,24.00000
442:00:00:000
33,3.00000
34,300.00000
35,1.00000
92,25.00000
93,300.00000
94,1.00000
457:00:00:000
103,25.00000
98,25.00000
59,25.00000
462:00:00:000
9,1.00000
10,100.00000
11,2.00000
92,26.00000
93,100.00000
94,2.00000
467:00:00:000
103,26.00000
96,26.00000
57,26.00000
476:00:00:000
21,2.00000
22,200.00000
23,3.00000
92,27.00000
93,200.00000
94,3.00000
486:00:00:000
103,27.00000
97,27.00000
58,27.00000
491:00:00:000
9,1.00000
10,100.00000
11,2.00000
92,28.00000
93,100.00000
94,2.00000
496:00:00:000
103,28.00000
96,28.00000
57,28.00000
505:00:00:000
33,3.00000
34,300.00000
35,1.00000
92,29.00000
93,300.00000
94,1.00000
520:00:00:000
9,1.00000
10,100.00000
11,2.00000
103,29.00000
98,29.00000
92,30.00000
93,100.00000
94,2.00000
59,29.00000
525:00:00:000
103,30.00000
96,30.00000
57,30.00000
549:00:00:000
9,1.00000
10,100.00000
11,2.00000
92,31.00000
93,100.00000
94,2.00000
554:00:00:000
103,31.00000
96,31.00000
57,31.00000
558:00:00:000
21,2.00000
22,200.00000
23,3.00000
92,32.00000
93,200.00000
94,3.00000
568:00:00:000
33,3.00000
34,300.00000
35,1.00000
103,32.00000
97,32.00000
92,33.00000
93,300.00000
94,1.00000
58,32.00000
578:00:00:000
9,1.00000
10,100.00000
11,2.00000
583:00:00:000
103,33.00000
98,33.00000
92,34.00000
93,100.00000
94,2.00000
59,33.00000
588:00:00:000
103,34.00000
96,34.00000
57,34.00000
612:00:00:000
9,1.00000
10,100.00000
11,2.00000
92,35.00000
93,100.00000
94,2.00000
617:00:00:000
103,35.00000
96,35.00000
57,35.00000
631:00:00:000
33,3.00000
34,300.00000
35,1.00000
92,36.00000
93,300.00000
94,1.00000
640:00:00:000
21,2.00000
22,200.00000
23,3.00000
641:00:00:000
9,1.00000
10,100.00000
11,2.00000
646:00:00:000
103,36.00000
98,36.00000
92,37.00000
93,200.00000
94,3.00000
59,36.00000
656:00:00:000
103,37.00000
97,37.00000
92,38.00000
93,100.00000
94,2.00000
58,37.00000
661:00:00:000
103,38.00000
96,38.00000
57,38.00000
685:00:00:000
9,1.00000
10,100.00000
11,2.00000
92,39.00000
93,100.00000
94,2.00000
690:00:00:000
103,39.00000
96,39.00000
57,39.00000
694:00:00:000
33,3.00000
34,300.00000
35,1.00000
92,40.00000
93,300.00000
94,1.00000
709:00:00:000
103,40.00000
98,40.00000
59,40.00000
714:00:00:000
9,1.00000
10,100.00000
11,2.00000
92,41.00000
93,100.00000
94,2.00000
719:00:00:000
103,41.00000
96,41.00000
57,41.00000
728:00:00:000
21,2.00000
22,200.00000
23,3.00000
92,42.00000
93,200.00000
94,3.00000
738:00:00:000
103,42.00000
97,42.00000
58,42.00000
743:00:00:000
9,1.00000
10,100.00000
11,2.00000
92,43.00000
93,100.00000
94,2.00000
748:00:00:000
103,43.00000
96,43.00000
57,43.00000
757:00:00:000
33,3.00000
34,300.00000
35,1.00000
92,44.00000
93,300.00000
94,1.00000
772:00:00:000
9,1.00000
10,100.00000
11,2.00000
103,44.00000
98,44.00000
92,45.00000
93,100.00000
94,2.00000
59,44.00000
777:00:00:000
103,45.00000
96,45.00000
57,45.00000
801:00:00:000
9,1.00000
10,100.00000
11,2.00000
92,46.00000
93,100.00000
94,2.00000
806:00:00:000
103,46.00000
96,46.00000
57,46.00000
810:00:00:000
21,2.00000
22,200.00000
23,3.00000
92,47.00000
93,200.00000
94,3.00000
820:00:00:000
33,3.00000
34,300.00000
35,1.00000
103,47.00000
97,47.00000
92,48.00000
93,300.00000
94,1.00000
58,47.00000
830:00:00:000
9,1.00000
10,100.00000
11,2.00000
835:00:00:000
103,48.00000
98,48.00000
92,49.00000
93,100.00000
94,2.00000
59,48.00000
840:00:00:000
103,49.00000
96,49.00000
57,49.00000
864:00:00:000
9,1.00000
10,100.00000
11,2.00000
92,50.00000
93,100.00000
94,2.00000
869:00:00:000
103,50.00000
96,50.00000
57,50.00000
883:00:00:000
33,3.00000
34,300.00000
35,1.00000
92,51.00000
93,300.00000
94,1.00000
892:00:00:000
21,2.00000
22,200.00000
23,3.00000
893:00:00:000
9,1.00000
10,100.00000
11,2.00000
898:00:00:000
103,51.00000
98,51.00000
92,52.00000
93,200.00000
94,3.00000
59,51.00000
908:00:00:000
103,52.00000
97,52.00000
92,53.00000
93,100.00000
94,2.00000
58,52.00000
913:00:00:000
103,53.00000
96,53.00000
57,53.00000
937:00:00:000
9,1.00000
10,100.00000
11,2.00000
92,54.00000
93,100.00000
94,2.00000
942:00:00:000
103,54.00000
96,54.00000
57,54.00000
946:00:00:000
33,3.00000
34,300.00000
35,1.00000
92,55.00000
93,300.00000
94,1.00000
961:00:00:000
103,55.00000
98,55.00000
59,55.00000
966:00:00:000
9,1.00000
10,100.00000
11,2.00000
92,56.00000
93,100.00000
94,2.00000
971:00:00:000
103,56.00000
96,56.00000
57,56.00000
980:00:00:000
21,2.00000
22,200.00000
23,3.00000
92,57.00000
93,200.00000
94,3.00000
990:00:00:000
103,57.00000
97,57.00000
58,57.00000
995:00:00:000
9,1.00000
10,100.00000
11,2.00000
92,58.00000
93,100.00000
94,2.00000
1000:00:00:000
103,58.00000
96,58.00000
57,58.00000
1009:00:00:000
33,3.00000
34,300.00000
35,1.00000
92,59.00000
93,300.00000
94,1.00000
1024:00:00:000
9,1.00000
10,100.00000
11,2.00000
103,59.00000
98,59.00000
92,60.00000
93,100.00000
94,2.00000
59,59.00000
1029:00:00:000
103,60.00000
96,60.00000
57,60.00000
1053:00:00:000
9,1.00000
10,100.00000
11,2.00000
92,61.00000
93,100.00000
94,2.00000
1058:00:00:000
103,61.00000
96,61.00000
57,61.00000
1062:00:00:000
21,2.00000
22,200.00000
23,3.00000
92,62.00000
93,200.00000
94,3.00000
1072:00:00:000
33,3.00000
34,300.00000
35,1.00000
103,62.00000
97,62.00000
92,63.00000
93,300.00000
94,1.00000
58,62.00000
1082:00:00:000
9,1.00000
10,100.00000
11,2.00000
1087:00:00:000
103,63.00000
98,63.00000
92,64.00000
93,100.00000
94,2.00000
59,63.00000
1092:00:00:000
103,64.00000
96,64.00000
57,64.00000
1116:00:00:000
9,1.00000
10,100.00000
11,2.00000
92,65.00000
93,100.00000
94,2.00000
1121:00:00:000
103,65.00000
96,65.00000
57,65.00000
1135:00:00:000
33,3.00000
34,300.00000
35,1.00000
92,66.00000
93,300.00000
94,1.00000
1144:00:00:000
21,2.00000
22,200.00000
23,3.00000
1145:00:00:000
9,1.00000
10,100.00000
11,2.00000
1150:00:00:000
103,66.00000
98,66.00000
92,67.00000
93,200.00000
94,3.00000
59,66.00000
1160:00:00:000
103,67.00000
97,67.00000
92,68.00000
93,100.00000
94,2.00000
58,67.00000
1165:00:00:000
103,68.00000
96,68.00000
57,68.00000
1189:00:00:000
9,1.00000
10,100.00000
11,2.00000
92,69.00000
93,100.00000
94,2.00000
1194:00:00:000
103,69.00000
96,69.00000
57,69.00000
1198:00:00:000
33,3.00000
34,300.00000
35,1.00000
92,70.00000
93,300.00000
94,1.00000
1213:00:00:000
103,70.00000
98,70.00000
59,70.00000
1218:00:00:000
9,1.00000
10,100.00000
11,2.00000
92,71.00000
93,100.00000
94,2.00000
1223:00:00:000
103,71.00000
96,71.00000
57,71.00000
1232:00:00:000
21,2.00000
22,200.00000
23,3.00000
92,72.00000
93,200.00000
94,3.00000
1242:00:00:000
103,72.00000
97,72.00000
58,72.00000
1247:00:00:000
9,1.00000
10,100.00000
11,2.00000
92,73.00000
93,100.00000
94,2.00000
1252:00:00:000
103,73.00000
96,73.00000
57,73.00000
1261:00:00:000
33,3.00000
34,300.00000
35,1.00000
92,74.00000
93,300.00000
94,1.00000
1276:00:00:000
15,1.00000
16,100.00000
17,2.00000
103,74.00000
98,74.00000
59,74.00000
108,1.00000
109,100.00000
110,2.00000
1296:00:00:000
119,1.00000
120,12000.00000
121,2.00000
67,12000.00000
68,2.00000
112,1.00000
64,1.00000
12,1.00000
13,100.00000
14,2.00000
76,4.00000
77,100.00000
78,2.00000
46,2.00000
47,12000.00000
48,38400.00057
2,2.00000
1,12000.00000
3,38400.00057
1314:00:00:000
21,2.00000
22,200.00000
23,3.00000
92,75.00000
93,200.00000
94,3.00000
1316:00:00:000
87,4.00000
80,4.00000
50,4.00000
9,1.00000
10,100.00000
11,3.00000
1324:00:00:000
33,3.00000
34,300.00000
35,1.00000
103,75.00000
97,75.00000
92,76.00000
93,100.00000
94,3.00000
58,75.00000
1329:00:00:000
103,76.00000
96,76.00000
92,77.00000
93,300.00000
94,1.00000
57,76.00000
1344:00:00:000
103,77.00000
98,77.00000
59,77.00000
1392:00:00:000
33,3.00000
34,300.00000
35,1.00000
92,78.00000
93,300.00000
94,1.00000
1396:00:00:000
21,2.00000
22,200.00000
23,3.00000
1401:00:00:000
9,1.00000
10,100.00000
11,3.00000
1407:00:00:000
103,78.00000
98,78.00000
92,79.00000
93,200.00000
94,3.00000
59,78.00000
1417:00:00:000
103,79.00000
97,79.00000
92,80.00000
93,100.00000
94,3.00000
58,79.00000
1422:00:00:000
103,80.00000
96,80.00000
57,80.00000
1455:00:00:000
33,3.00000
34,300.00000
35,1.00000
92,81.00000
93,300.00000
94,1.00000
1470:00:00:000
103,81.00000
98,81.00000
59,81.00000
1489:00:00:000
21,2.00000
22,200.00000
23,3.00000
92,82.00000
93,200.00000
94,3.00000
1494:00:00:000
9,1.00000
10,100.00000
11,3.00000
1499:00:00:000
103,82.00000
97,82.00000
92,83.00000
93,100.00000
94,3.00000
58,82.00000
1504:00:00:000
103,83.00000
96,83.00000
57,83.00000
1518:00:00:000
33,3.00000
34,300.00000
35,1.00000
92,84.00000
93,300.00000
94,1.00000
1533:00:00:000
103,84.00000
98,84.00000
59,84.00000
1571:00:00:000
21,2.00000
22,200.00000
23,3.00000
92,85.00000
93,200.00000
94,3.00000
1576:00:00:000
9,1.00000
10,100.00000
11,3.00000
1581:00:00:000
33,3.00000
34,300.00000
35,1.00000
103,85.00000
97,85.00000
92,86.00000
93,100.00000
94,3.00000
58,85.00000
1586:00:00:000
103,86.00000
96,86.00000
92,87.00000
93,300.00000
94,1.00000
57,86.00000
1601:00:00:000
103,87.00000
98,87.00000
59,87.00000
1649:00:00:000
33,3.00000
34,300.00000
35,1.00000
92,88.00000
93,300.00000
94,1.00000
1653:00:00:000
21,2.00000
22,200.00000
23,3.00000
1658:00:00:000
9,1.00000
10,100.00000
11,3.00000
1664:00:00:000
103,88.00000
98,88.00000
92,89.00000
93,200.00000
94,3.00000
59,88.00000
1674:00:00:000
103,89.00000
97,89.00000
92,90.00000
93,100.00000
94,3.00000
58,89.00000
1679:00:00:000
103,90.00000
96,90.00000
57,90.00000
1712:00:00:000
39,3.00000
40,300.00000
41,1.00000
108,2.00000
109,300.00000
110,1.00000
1746:00:00:000
27,2.00000
28,200.00000
29,3.00000
1751:00:00:000
9,1.00000
10,100.00000
11,3.00000
92,91.00000
93,100.00000
94,3.00000
1756:00:00:000
103,91.00000
96,91.00000
57,91.00000
1772:00:00:000
119,2.00000
120,45000.00000
121,1.00000
67,45000.00000
68,1.00000
114,2.00000
108,3.00000
109,200.00000
110,3.00000
66,2.00000
36,3.00000
37,300.00000
38,1.00000
76,5.00000
77,300.00000
78,1.00000
46,1.00000
47,45000.00000
48,112500.00000
2,1.00000
1,45000.00000
3,112500.00000
1812:00:00:000
119,3.00000
120,34000.00000
121,3.00000
67,34000.00000
68,3.00000
113,3.00000
65,3.00000
24,2.00000
25,200.00000
26,3.00000
46,3.00000
47,34000.00000
48,139399.99676
2,3.00000
1,34000.00000
3,139399.99676
1828:00:00:000
9,1.00000
10,100.00000
11,3.00000
92,92.00000
93,100.00000
94,3.00000
1832:00:00:000
87,5.00000
82,5.00000
76,6.00000
77,200.00000
78,3.00000
52,5.00000
33,3.00000
34,300.00000
35,2.00000
1833:00:00:000
103,92.00000
96,92.00000
92,93.00000
93,300.00000
94,2.00000
57,92.00000
1848:00:00:000
103,93.00000
98,93.00000
59,93.00000
1872:00:00:000
33,3.00000
34,300.00000
35,2.00000
87,6.00000
81,6.00000
51,6.00000
21,2.00000
22,200.00000
23,1.00000
92,94.00000
93,300.00000
94,2.00000
1887:00:00:000
103,94.00000
98,94.00000
92,95.00000
93,200.00000
94,1.00000
59,94.00000
1897:00:00:000
103,95.00000
97,95.00000
58,95.00000
1905:00:00:000
9,1.00000
10,100.00000
11,3.00000
92,96.00000
93,100.00000
94,3.00000
1910:00:00:000
103,96.00000
96,96.00000
57,96.00000
1911:00:00:000
33,3.00000
34,300.00000
35,2.00000
92,97.00000
93,300.00000
94,2.00000
1926:00:00:000
103,97.00000
98,97.00000
59,97.00000
1945:00:00:000
21,2.00000
22,200.00000
23,1.00000
92,98.00000
93,200.00000
94,1.00000
1950:00:00:000
33,3.00000
34,300.00000
35,2.00000
1955:00:00:000
103,98.00000
97,98.00000
92,99.00000
93,300.00000
94,2.00000
58,98.00000
1970:00:00:000
103,99.00000
98,99.00000
59,99.00000
1982:00:00:000
9,1.00000
10,100.00000
11,3.00000
92,100.00000
93,100.00000
94,3.00000
1987:00:00:000
103,100.00000
96,100.00000
57,100.00000
1994:00:00:000
33,3.00000
34,300.00000
35,2.00000
92,101.00000
93,300.00000
94,2.00000
2003:00:00:000
21,2.00000
22,200.00000
23,1.00000
2009:00:00:000
103,101.00000
98,101.00000
92,102.00000
93,200.00000
94,1.00000
59,101.00000
2019:00:00:000
103,102.00000
97,102.00000
58,102.00000
2033:00:00:000
33,3.00000
34,300.00000
35,2.00000
92,103.00000
93,300.00000
94,2.00000
2048:00:00:000
103,103.00000
98,103.00000
59,103.00000
2059:00:00:000
9,1.00000
10,100.00000
11,3.00000
92,104.00000
93,100.00000
94,3.00000
2064:00:00:000
103,104.00000
96,104.00000
57,104.00000
2067:00:00:000
21,2.00000
22,200.00000
23,1.00000
92,105.00000
93,200.00000
94,1.00000
2072:00:00:000
33,3.00000
34,300.00000
35,2.00000
2077:00:00:000
103,105.00000
97,105.00000
92,106.00000
93,300.00000
94,2.00000
58,105.00000
2092:00:00:000
103,106.00000
98,106.00000
59,106.00000
2116:00:00:000
33,3.00000
34,300.00000
35,2.00000
92,107.00000
93,300.00000
94,2.00000
2125:00:00:000
21,2.00000
22,200.00000
23,1.00000
2131:00:00:000
103,107.00000
98,107.00000
92,108.00000
93,200.00000
94,1.00000
59,107.00000
2136:00:00:000
9,1.00000
10,100.00000
11,3.00000
2141:00:00:000
103,108.00000
97,108.00000
92,109.00000
93,100.00000
94,3.00000
58,108.00000
2146:00:00:000
103,109.00000
96,109.00000
57,109.00000
2155:00:00:000
33,3.00000
34,300.00000
35,2.00000
92,110.00000
93,300.00000
94,2.00000
2170:00:00:000
103,110.00000
98,110.00000
59,110.00000
2189:00:00:000
21,2.00000
22,200.00000
23,1.00000
92,111.00000
93,200.00000
94,1.00000
2194:00:00:000
33,3.00000
34,300.00000
35,2.00000
2199:00:00:000
103,111.00000
97,111.00000
92,112.00000
93,300.00000
94,2.00000
58,111.00000
2214:00:00:000
103,112.00000
98,112.00000
59,112.00000
2218:00:00:000
9,1.00000
10,100.00000
11,3.00000
92,113.00000
93,100.00000
94,3.00000
2223:00:00:000
103,113.00000
96,113.00000
57,113.00000
2238:00:00:000
33,3.00000
34,300.00000
35,2.00000
92,114.00000
93,300.00000
94,2.00000
2247:00:00:000
21,2.00000
22,200.00000
23,1.00000
2253:00:00:000
103,114.00000
98,114.00000
92,115.00000
93,200.00000
94,1.00000
59,114.00000
2263:00:00:000
103,115.00000
97,115.00000
58,115.00000
2277:00:00:000
33,3.00000
34,300.00000
35,2.00000
92,116.00000
93,300.00000
94,2.00000
2292:00:00:000
103,116.00000
98,116.00000
59,116.00000
2295:00:00:000
9,1.00000
10,100.00000
11,3.00000
92,117.00000
93,100.00000
94,3.00000
2300:00:00:000
103,117.00000
96,117.00000
57,117.00000
2311:00:00:000
21,2.00000
22,200.00000
23,1.00000
92,118.00000
93,200.00000
94,1.00000
2316:00:00:000
33,3.00000
34,300.00000
35,2.00000
2321:00:00:000
103,118.00000
97,118.00000
92,119.00000
93,300.00000
94,2.00000
58,118.00000
2336:00:00:000
103,119.00000
98,119.00000
59,119.00000
2360:00:00:000
33,3.00000
34,300.00000
35,2.00000
92,120.00000
93,300.00000
94,2.00000
2369:00:00:000
21,2.00000
22,200.00000
23,1.00000
2372:00:00:000
9,1.00000
10,100.00000
11,3.00000
2375:00:00:000
103,120.00000
98,120.00000
92,121.00000
93,200.00000
94,1.00000
59,120.00000
2385:00:00:000
103,121.00000
97,121.00000
92,122.00000
93,100.00000
94,3.00000
58,121.00000
2390:00:00:000
103,122.00000
96,122.00000
57,122.00000
2399:00:00:000
33,3.00000
34,300.00000
35,2.00000
92,123.00000
93,300.00000
94,2.00000
2414:00:00:000
103,123.00000
98,123.00000
59,123.00000
2433:00:00:000
21,2.00000
22,200.00000
23,1.00000
92,124.00000
93,200.00000
94,1.00000
2438:00:00:000
33,3.00000
34,300.00000
35,2.00000
2443:00:00:000
103,124.00000
97,124.00000
92,125.00000
93,300.00000
94,2.00000
58,124.00000
2458:00:00:000
103,125.00000
98,125.00000
59,125.00000
2462:00:00:000
9,1.00000
10,100.00000
11,3.00000
92,126.00000
93,100.00000
94,3.00000
2467:00:00:000
103,126.00000
96,126.00000
57,126.00000
2482:00:00:000
33,3.00000
34,300.00000
35,2.00000
92,127.00000
93,300.00000
94,2.00000
2491:00:00:000
21,2.00000
22,200.00000
23,1.00000
2497:00:00:000
103,127.00000
98,127.00000
92,128.00000
93,200.00000
94,1.00000
59,127.00000
2507:00:00:000
103,128.00000
97,128.00000
58,128.00000
2521:00:00:000
33,3.00000
34,300.00000
35,2.00000
92,129.00000
93,300.00000
94,2.00000
2536:00:00:000
103,129.00000
98,129.00000
59,129.00000
2539:00:00:000
9,1.00000
10,100.00000
11,3.00000
92,130.00000
93,100.00000
94,3.00000
2544:00:00:000
103,130.00000
96,130.00000
57,130.00000
2555:00:00:000
21,2.00000
22,200.00000
23,1.00000
92,131.00000
93,200.00000
94,1.00000
2560:00:00:000
33,3.00000
34,300.00000
35,2.00000
2565:00:00:000
103,131.00000
97,131.00000
92,132.00000
93,300.00000
94,2.00000
58,131.00000
2580:00:00:000
103,132.00000
98,132.00000
59,132.00000
2604:00:00:000
33,3.00000
34,300.00000
35,2.00000
92,133.00000
93,300.00000
94,2.00000
2613:00:00:000
21,2.00000
22,200.00000
23,1.00000
2616:00:00:000
9,1.00000
10,100.00000
11,3.00000
2619:00:00:000
103,133.00000
98,133.00000
92,134.00000
93,200.00000
94,1.00000
59,133.00000
2629:00:00:000
103,134.00000
97,134.00000
92,135.00000
93,100.00000
94,3.00000
58,134.00000
2634:00:00:000
103,135.00000
96,135.00000
57,135.00000
2643:00:00:000
33,3.00000
34,300.00000
35,2.00000
92,136.00000
93,300.00000
94,2.00000
2658:00:00:000
103,136.00000
98,136.00000
59,136.00000
2677:00:00:000
21,2.00000
22,200.00000
23,1.00000
92,137.00000
93,200.00000
94,1.00000
2682:00:00:000
33,3.00000
34,300.00000
35,2.00000
2687:00:00:000
103,137.00000
97,137.00000
92,138.00000
93,300.00000
94,2.00000
58,137.00000
2702:00:00:000
103,138.00000
98,138.00000
59,138.00000
2706:00:00:000
9,1.00000
10,100.00000
11,3.00000
92,139.00000
93,100.00000
94,3.00000
2711:00:00:000
103,139.00000
96,139.00000
57,139.00000
2726:00:00:000
33,3.00000
34,300.00000
35,2.00000
92,140.00000
93,300.00000
94,2.00000
2735:00:00:000
21,2.00000
22,200.00000
23,1.00000
2741:00:00:000
103,140.00000
98,140.00000
92,141.00000
93,200.00000
94,1.00000
59,140.00000
2751:00:00:000
103,141.00000
97,141.00000
58,141.00000
2765:00:00:000
33,3.00000
34,300.00000
35,2.00000
92,142.00000
93,300.00000
94,2.00000
2780:00:00:000
103,142.00000
98,142.00000
59,142.00000
2783:00:00:000
9,1.00000
10,100.00000
11,3.00000
92,143.00000
93,100.00000
94,3.00000
2788:00:00:000
103,143.00000
96,143.00000
57,143.00000
2799:00:00:000
21,2.00000
22,200.00000
23,1.00000
92,144.00000
93,200.00000
94,1.00000
2804:00:00:000
33,3.00000
34,300.00000
35,2.00000
2809:00:00:000
103,144.00000
97,144.00000
92,145.00000
93,300.00000
94,2.00000
58,144.00000
2824:00:00:000
103,145.00000
98,145.00000
59,145.00000
2848:00:00:000
33,3.00000
34,300.00000
35,2.00000
92,146.00000
93,300.00000
94,2.00000
2857:00:00:000
21,2.00000
22,200.00000
23,1.00000
2860:00:00:000
9,1.00000
10,100.00000
11,3.00000
2863:00:00:000
103,146.00000
98,146.00000
92,147.00000
93,200.00000
94,1.00000
59,146.00000
2873:00:00:000
103,147.00000
97,147.00000
92,148.00000
93,100.00000
94,3.00000
58,147.00000
2878:00:00:000
103,148.00000
96,148.00000
57,148.00000
2887:00:00:000
33,3.00000
34,300.00000
35,2.00000
92,149.00000
93,300.00000
94,2.00000
2902:00:00:000
103,149.00000
98,149.00000
59,149.00000
2921:00:00:000
21,2.00000
22,200.00000
23,1.00000
92,150.00000
93,200.00000
94,1.00000
2926:00:00:000
33,3.00000
34,300.00000
35,2.00000
2931:00:00:000
103,150.00000
97,150.00000
92,151.00000
93,300.00000
94,2.00000
58,150.00000
2946:00:00:000
103,151.00000
98,151.00000
59,151.00000
2950:00:00:000
15,1.00000
16,100.00000
17,3.00000
108,4.00000
109,100.00000
110,3.00000
2970:00:00:000
33,3.00000
34,300.00000
35,2.00000
92,152.00000
93,300.00000
94,2.00000
119,4.00000
120,17000.00000
121,3.00000
67,17000.00000
68,3.00000
112,4.00000
64,4.00000
12,1.00000
13,100.00000
14,3.00000
76,7.00000
77,100.00000
78,3.00000
46,3.00000
47,17000.00000
48,69699.99838
2,3.00000
1,17000.00000
3,69699.99838
2979:00:00:000
21,2.00000
22,200.00000
23,1.00000
2985:00:00:000
103,152.00000
98,152.00000
92,153.00000
93,200.00000
94,1.00000
59,152.00000
2990:00:00:000
87,7.00000
80,7.00000
50,7.00000
9,1.00000
10,100.00000
11,1.00000
2995:00:00:000
103,153.00000
97,153.00000
92,154.00000
93,100.00000
94,1.00000
58,153.00000
3000:00:00:000
103,154.00000
96,154.00000
57,154.00000
3009:00:00:000
33,3.00000
34,300.00000
35,2.00000
92,155.00000
93,300.00000
94,2.00000
3024:00:00:000
103,155.00000
98,155.00000
59,155.00000
3043:00:00:000
21,2.00000
22,200.00000
23,1.00000
92,156.00000
93,200.00000
94,1.00000
3048:00:00:000
9,1.00000
10,100.00000
11,1.00000
33,3.00000
34,300.00000
35,2.00000
3053:00:00:000
103,156.00000
97,156.00000
92,157.00000
93,100.00000
94,1.00000
58,156.00000
3058:00:00:000
103,157.00000
96,157.00000
92,158.00000
93,300.00000
94,2.00000
57,157.00000
3073:00:00:000
103,158.00000
98,158.00000
59,158.00000
3097:00:00:000
33,3.00000
34,300.00000
35,2.00000
92,159.00000
93,300.00000
94,2.00000
3101:00:00:000
21,2.00000
22,200.00000
23,1.00000
3106:00:00:000
9,1.00000
10,100.00000
11,1.00000
3112:00:00:000
103,159.00000
98,159.00000
92,160.00000
93,200.00000
94,1.00000
59,159.00000
3122:00:00:000
103,160.00000
97,160.00000
92,161.00000
93,100.00000
94,1.00000
58,160.00000
3127:00:00:000
103,161.00000
96,161.00000
57,161.00000
3136:00:00:000
33,3.00000
34,300.00000
35,2.00000
92,162.00000
93,300.00000
94,2.00000
3151:00:00:000
103,162.00000
98,162.00000
59,162.00000
3170:00:00:000
21,2.00000
22,200.00000
23,1.00000
92,163.00000
93,200.00000
94,1.00000
3175:00:00:000
9,1.00000
10,100.00000
11,1.00000
33,3.00000
34,300.00000
35,2.00000
3180:00:00:000
103,163.00000
97,163.00000
92,164.00000
93,100.00000
94,1.00000
58,163.00000
3185:00:00:000
103,164.00000
96,164.00000
92,165.00000
93,300.00000
94,2.00000
57,164.00000
3200:00:00:000
103,165.00000
98,165.00000
59,165.00000
3224:00:00:000
33,3.00000
34,300.00000
35,2.00000
92,166.00000
93,300.00000
94,2.00000
3228:00:00:000
21,2.00000
22,200.00000
23,1.00000
3233:00:00:000
9,1.00000
10,100.00000
11,1.00000
3239:00:00:000
103,166.00000
98,166.00000
92,167.00000
93,200.00000
94,1.00000
59,166.00000
3249:00:00:000
103,167.00000
97,167.00000
92,168.00000
93,100.00000
94,1.00000
58,167.00000
3254:00:00:000
103,168.00000
96,168.00000
57,168.00000
3263:00:00:000
33,3.00000
34,300.00000
35,2.00000
92,169.00000
93,300.00000
94,2.00000
3278:00:00:000
103,169.00000
98,169.00000
59,169.00000
3297:00:00:000
21,2.00000
22,200.00000
23,1.00000
92,170.00000
93,200.00000
94,1.00000
3302:00:00:000
9,1.00000
10,100.00000
11,1.00000
33,3.00000
34,300.00000
35,2.00000
3307:00:00:000
103,170.00000
97,170.00000
92,171.00000
93,100.00000
94,1.00000
58,170.00000
3312:00:00:000
103,171.00000
96,171.00000
92,172.00000
93,300.00000
94,2.00000
57,171.00000
3327:00:00:000
103,172.00000
98,172.00000
59,172.00000
3351:00:00:000
33,3.00000
34,300.00000
35,2.00000
92,173.00000
93,300.00000
94,2.00000
3355:00:00:000
21,2.00000
22,200.00000
23,1.00000
3360:00:00:000
9,1.00000
10,100.00000
11,1.00000
3366:00:00:000
103,173.00000
98,173.00000
92,174.00000
93,200.00000
94,1.00000
59,173.00000
3376:00:00:000
103,174.00000
97,174.00000
92,175.00000
93,100.00000
94,1.00000
58,174.00000
3381:00:00:000
103,175.00000
96,175.00000
57,175.00000
3390:00:00:000
33,3.00000
34,300.00000
35,2.00000
92,176.00000
93,300.00000
94,2.00000
3405:00:00:000
103,176.00000
98,176.00000
59,176.00000
3424:00:00:000
27,2.00000
28,200.00000
29,1.00000
108,5.00000
109,200.00000
110,1.00000
3429:00:00:000
9,1.00000
10,100.00000
11,1.00000
33,3.00000
34,300.00000
35,2.00000
92,177.00000
93,100.00000
94,1.00000
3434:00:00:000
103,177.00000
96,177.00000
92,178.00000
93,300.00000
94,2.00000
57,177.00000
3449:00:00:000
103,178.00000
98,178.00000
59,178.00000
3464:00:00:000
119,5.00000
120,30000.00000
121,1.00000
67,30000.00000
68,1.00000
113,5.00000
65,5.00000
24,2.00000
25,200.00000
26,1.00000
76,8.00000
77,200.00000
78,1.00000
46,1.00000
47,30000.00000
48,75000.00000
2,1.00000
1,30000.00000
3,75000.00000
3473:00:00:000
39,3.00000
40,300.00000
41,2.00000
108,6.00000
109,300.00000
110,2.00000
3482:00:00:000
9,1.00000
10,100.00000
11,1.00000
92,179.00000
93,100.00000
94,1.00000
3487:00:00:000
103,179.00000
96,179.00000
57,179.00000
3504:00:00:000
87,8.00000
81,8.00000
51,8.00000
21,2.00000
22,200.00000
23,2.00000
92,180.00000
93,200.00000
94,2.00000
3514:00:00:000
103,180.00000
97,180.00000
58,180.00000
3533:00:00:000
119,6.00000
120,36000.00000
121,2.00000
67,36000.00000
68,2.00000
114,6.00000
66,6.00000
36,3.00000
37,300.00000
38,2.00000
76,9.00000
77,300.00000
78,2.00000
46,2.00000
47,36000.00000
48,115200.00172
2,2.00000
1,36000.00000
3,115200.00172
3535:00:00:000
9,1.00000
10,100.00000
11,1.00000
92,181.00000
93,100.00000
94,1.00000
3538:00:00:000
21,2.00000
22,200.00000
23,2.00000
3540:00:00:000
103,181.00000
96,181.00000
92,182.00000
93,200.00000
94,2.00000
57,181.00000
3550:00:00:000
103,182.00000
97,182.00000
58,182.00000
3574:00:00:000
21,2.00000
22,200.00000
23,2.00000
92,183.00000
93,200.00000
94,2.00000
3584:00:00:000
103,183.00000
97,183.00000
58,183.00000
3588:00:00:000
9,1.00000
10,100.00000
11,1.00000
92,184.00000
93,100.00000
94,1.00000
3593:00:00:000
87,9.00000
82,9.00000
52,9.00000
33,3.00000
34,300.00000
35,3.00000
103,184.00000
96,184.00000
92,185.00000
93,300.00000
94,3.00000
57,184.00000
3608:00:00:000
21,2.00000
22,200.00000
23,2.00000
103,185.00000
98,185.00000
92,186.00000
93,200.00000
94,2.00000
59,185.00000
3618:00:00:000
103,186.00000
97,186.00000
58,186.00000
3641:00:00:000
9,1.00000
10,100.00000
11,1.00000
92,187.00000
93,100.00000
94,1.00000
3642:00:00:000
21,2.00000
22,200.00000
23,2.00000
3646:00:00:000
103,187.00000
96,187.00000
92,188.00000
93,200.00000
94,2.00000
57,187.00000
3656:00:00:000
103,188.00000
97,188.00000
58,188.00000
3680:00:00:000
21,2.00000
22,200.00000
23,2.00000
33,3.00000
34,300.00000
35,3.00000
92,189.00000
93,200.00000
94,2.00000
3690:00:00:000
103,189.00000
97,189.00000
92,190.00000
93,300.00000
94,3.00000
58,189.00000
3694:00:00:000
9,1.00000
10,100.00000
11,1.00000
3705:00:00:000
103,190.00000
98,190.00000
92,191.00000
93,100.00000
94,1.00000
59,190.00000
3710:00:00:000
103,191.00000
96,191.00000
57,191.00000
3714:00:00:000
21,2.00000
22,200.00000
23,2.00000
92,192.00000
93,200.00000
94,2.00000
3724:00:00:000
103,192.00000
97,192.00000
58,192.00000
3748:00:00:000
21,2.00000
22,200.00000
23,2.00000
92,193.00000
93,200.00000
94,2.00000
3758:00:00:000
9,1.00000
10,100.00000
11,1.00000
103,193.00000
97,193.00000
92,194.00000
93,100.00000
94,1.00000
58,193.00000
3763:00:00:000
103,194.00000
96,194.00000
57,194.00000
3777:00:00:000
33,3.00000
34,300.00000
35,3.00000
92,195.00000
93,300.00000
94,3.00000
3782:00:00:000
21,2.00000
22,200.00000
23,2.00000
3792:00:00:000
103,195.00000
98,195.00000
92,196.00000
93,200.00000
94,2.00000
59,195.00000
3802:00:00:000
103,196.00000
97,196.00000
58,196.00000
3811:00:00:000
9,1.00000
10,100.00000
11,1.00000
92,197.00000
93,100.00000
94,1.00000
3816:00:00:000
103,197.00000
96,197.00000
57,197.00000
3826:00:00:000
21,2.00000
22,200.00000
23,2.00000
92,198.00000
93,200.00000
94,2.00000
3836:00:00:000
103,198.00000
97,198.00000
58,198.00000
3860:00:00:000
21,2.00000
22,200.00000
23,2.00000
92,199.00000
93,200.00000
94,2.00000
3864:00:00:000
9,1.00000
10,100.00000
11,1.00000
33,3.00000
34,300.00000
35,3.00000
3870:00:00:000
103,199.00000
97,199.00000
92,200.00000
93,100.00000
94,1.00000
58,199.00000
3875:00:00:000
103,200.00000
96,200.00000
92,201.00000
93,300.00000
94,3.00000
57,200.00000
3890:00:00:000
103,201.00000
98,201.00000
59,201.00000
3894:00:00:000
21,2.00000
22,200.00000
23,2.00000
92,202.00000
93,200.00000
94,2.00000
3904:00:00:000
103,202.00000
97,202.00000
58,202.00000
3923:00:00:000
9,1.00000
10,100.00000
11,1.00000
92,203.00000
93,100.00000
94,1.00000
3928:00:00:000
21,2.00000
22,200.00000
23,2.00000
103,203.00000
96,203.00000
92,204.00000
93,200.00000
94,2.00000
57,203.00000
3938:00:00:000
103,204.00000
97,204.00000
58,204.00000
3962:00:00:000
21,2.00000
22,200.00000
23,2.00000
33,3.00000
34,300.00000
35,3.00000
92,205.00000
93,200.00000
94,2.00000
3972:00:00:000
103,205.00000
97,205.00000
92,206.00000
93,300.00000
94,3.00000
58,205.00000
3976:00:00:000
9,1.00000
10,100.00000
11,1.00000
3987:00:00:000
103,206.00000
98,206.00000
92,207.00000
93,100.00000
94,1.00000
59,206.00000
3992:00:00:000
103,207.00000
96,207.00000
57,207.00000
3996:00:00:000
21,2.00000
22,200.00000
23,2.00000
92,208.00000
93,200.00000
94,2.00000
4006:00:00:000
103,208.00000
97,208.00000
58,208.00000
4030:00:00:000
21,2.00000
22,200.00000
23,2.00000
92,209.00000
93,200.00000
94,2.00000
4040:00:00:000
9,1.00000
10,100.00000
11,1.00000
103,209.00000
97,209.00000
92,210.00000
93,100.00000
94,1.00000
58,209.00000
4045:00:00:000
103,210.00000
96,210.00000
57,210.00000
4059:00:00:000
33,3.00000
34,300.00000
35,3.00000
92,211.00000
93,300.00000
94,3.00000
4064:00:00:000
21,2.00000
22,200.00000
23,2.00000
4074:00:00:000
103,211.00000
98,211.00000
92,212.00000
93,200.00000
94,2.00000
59,211.00000
4084:00:00:000
103,212.00000
97,212.00000
58,212.00000
4093:00:00:000
9,1.00000
10,100.00000
11,1.00000
92,213.00000
93,100.00000
94,1.00000
4098:00:00:000
103,213.00000
96,213.00000
57,213.00000
4108:00:00:000
21,2.00000
22,200.00000
23,2.00000
92,214.00000
93,200.00000
94,2.00000
4118:00:00:000
103,214.00000
97,214.00000
58,214.00000
4142:00:00:000
21,2.00000
22,200.00000
23,2.00000
92,215.00000
93,200.00000
94,2.00000
4146:00:00:000
9,1.00000
10,100.00000
11,1.00000
33,3.00000
34,300.00000
35,3.00000
4152:00:00:000
103,215.00000
97,215.00000
92,216.00000
93,100.00000
94,1.00000
58,215.00000
4157:00:00:000
103,216.00000
96,216.00000
92,217.00000
93,300.00000
94,3.00000
57,216.00000
4172:00:00:000
103,217.00000
98,217.00000
59,217.00000
4176:00:00:000
21,2.00000
22,200.00000
23,2.00000
92,218.00000
93,200.00000
94,2.00000
4186:00:00:000
103,218.00000
97,218.00000
58,218.00000
4205:00:00:000
9,1.00000
10,100.00000
11,1.00000
92,219.00000
93,100.00000
94,1.00000
4210:00:00:000
21,2.00000
22,200.00000
23,2.00000
103,219.00000
96,219.00000
92,220.00000
93,200.00000
94,2.00000
57,219.00000
4220:00:00:000
103,220.00000
97,220.00000
58,220.00000
4244:00:00:000
21,2.00000
22,200.00000
23,2.00000
33,3.00000
34,300.00000
35,3.00000
92,221.00000
93,200.00000
94,2.00000
4254:00:00:000
103,221.00000
97,221.00000
92,222.00000
93,300.00000
94,3.00000
58,221.00000
4258:00:00:000
9,1.00000
10,100.00000
11,1.00000
4269:00:00:000
103,222.00000
98,222.00000
92,223.00000
93,100.00000
94,1.00000
59,222.00000
4274:00:00:000
103,223.00000
96,223.00000
57,223.00000
4278:00:00:000
21,2.00000
22,200.00000
23,2.00000
92,224.00000
93,200.00000
94,2.00000
4288:00:00:000
103,224.00000
97,224.00000
58,224.00000
4312:00:00:000
21,2.00000
22,200.00000
23,2.00000
92,225.00000
93,200.00000
94,2.00000
4322:00:00:000
9,1.00000
10,100.00000
11,1.00000
103,225.00000
97,225.00000
92,226.00000
93,100.00000
94,1.00000
58,225.00000
4327:00:00:000
103,226.00000
96,226.00000
57,226.00000
4341:00:00:000
33,3.00000
34,300.00000
35,3.00000
92,227.00000
93,300.00000
94,3.00000
4346:00:00:000
21,2.00000
22,200.00000
23,2.00000
4356:00:00:000
103,227.00000
98,227.00000
92,228.00000
93,200.00000
94,2.00000
59,227.00000
4366:00:00:000
103,228.00000
97,228.00000
58,228.00000
4375:00:00:000
9,1.00000
10,100.00000
11,1.00000
92,229.00000
93,100.00000
94,1.00000
4380:00:00:000
103,229.00000
96,229.00000
57,229.00000
4390:00:00:000
21,2.00000
22,200.00000
23,2.00000
92,230.00000
93,200.00000
94,2.00000
4400:00:00:000
103,230.00000
97,230.00000
58,230.00000
4424:00:00:000
21,2.00000
22,200.00000
23,2.00000
92,231.00000
93,200.00000
94,2.00000
4428:00:00:000
15,1.00000
16,100.00000
17,1.00000
33,3.00000
34,300.00000
35,3.00000
108,7.00000
109,100.00000
110,1.00000
4434:00:00:000
103,231.00000
97,231.00000
92,232.00000
93,300.00000
94,3.00000
58,231.00000
4448:00:00:000
119,7.00000
120,15000.00000
121,1.00000
67,15000.00000
68,1.00000
112,7.00000
64,7.00000
12,1.00000
13,100.00000
14,1.00000
76,10.00000
77,100.00000
78,1.00000
46,1.00000
47,15000.00000
48,37500.00000
2,1.00000
1,15000.00000
3,37500.00000
4449:00:00:000
103,232.00000
98,232.00000
59,232.00000
4458:00:00:000
21,2.00000
22,200.00000
23,2.00000
92,233.00000
93,200.00000
94,2.00000
4468:00:00:000
87,10.00000
80,10.00000
50,10.00000
9,1.00000
10,100.00000
11,2.00000
103,233.00000
97,233.00000
92,234.00000
93,100.00000
94,2.00000
58,233.00000
4473:00:00:000
103,234.00000
96,234.00000
57,234.00000
4492:00:00:000
21,2.00000
22,200.00000
23,2.00000
92,235.00000
93,200.00000
94,2.00000
4497:00:00:000
9,1.00000
10,100.00000
11,2.00000
4502:00:00:000
103,235.00000
97,235.00000
92,236.00000
93,100.00000
94,2.00000
58,235.00000
4507:00:00:000
103,236.00000
96,236.00000
57,236.00000
4521:00:00:000
33,3.00000
34,300.00000
35,3.00000
92,237.00000
93,300.00000
94,3.00000
4526:00:00:000
21,2.00000
22,200.00000
23,2.00000
4531:00:00:000
9,1.00000
10,100.00000
11,2.00000
4536:00:00:000
103,237.00000
98,237.00000
92,238.00000
93,200.00000
94,2.00000
59,237.00000
4546:00:00:000
103,238.00000
97,238.00000
92,239.00000
93,100.00000
94,2.00000
58,238.00000
4551:00:00:000
103,239.00000
96,239.00000
57,239.00000
4570:00:00:000
21,2.00000
22,200.00000
23,2.00000
92,240.00000
93,200.00000
94,2.00000
4575:00:00:000
9,1.00000
10,100.00000
11,2.00000
4580:00:00:000
103,240.00000
97,240.00000
92,241.00000
93,100.00000
94,2.00000
58,240.00000
4585:00:00:000
103,241.00000
96,241.00000
57,241.00000
4604:00:00:000
21,2.00000
22,200.00000
23,2.00000
92,242.00000
93,200.00000
94,2.00000
4608:00:00:000
33,3.00000
34,300.00000
35,3.00000
4609:00:00:000
9,1.00000
10,100.00000
11,2.00000
4614:00:00:000
103,242.00000
97,242.00000
92,243.00000
93,300.00000
94,3.00000
58,242.00000
4629:00:00:000
103,243.00000
98,243.00000
92,244.00000
93,100.00000
94,2.00000
59,243.00000
4634:00:00:000
103,244.00000
96,244.00000
57,244.00000
4638:00:00:000
21,2.00000
22,200.00000
23,2.00000
92,245.00000
93,200.00000
94,2.00000
4648:00:00:000
103,245.00000
97,245.00000
58,245.00000
4658:00:00:000
9,1.00000
10,100.00000
11,2.00000
92,246.00000
93,100.00000
94,2.00000
4663:00:00:000
103,246.00000
96,246.00000
57,246.00000
4672:00:00:000
21,2.00000
22,200.00000
23,2.00000
92,247.00000
93,200.00000
94,2.00000
4682:00:00:000
103,247.00000
97,247.00000
58,247.00000
4687:00:00:000
9,1.00000
10,100.00000
11,2.00000
92,248.00000
93,100.00000
94,2.00000
4692:00:00:000
103,248.00000
96,248.00000
57,248.00000
4701:00:00:000
33,3.00000
34,300.00000
35,3.00000
92,249.00000
93,300.00000
94,3.00000
4706:00:00:000
21,2.00000
22,200.00000
23,2.00000
4716:00:00:000
9,1.00000
10,100.00000
11,2.00000
103,249.00000
98,249.00000
92,250.00000
93,200.00000
94,2.00000
59,249.00000
4726:00:00:000
103,250.00000
97,250.00000
92,251.00000
93,100.00000
94,2.00000
58,250.00000
4731:00:00:000
103,251.00000
96,251.00000
57,251.00000
4750:00:00:000
21,2.00000
22,200.00000
23,2.00000
92,252.00000
93,200.00000
94,2.00000
4755:00:00:000
9,1.00000
10,100.00000
11,2.00000
4760:00:00:000
103,252.00000
97,252.00000
92,253.00000
93,100.00000
94,2.00000
58,252.00000
4765:00:00:000
103,253.00000
96,253.00000
57,253.00000
4784:00:00:000
21,2.00000
22,200.00000
23,2.00000
92,254.00000
93,200.00000
94,2.00000
4788:00:00:000
33,3.00000
34,300.00000
35,3.00000
4789:00:00:000
9,1.00000
10,100.00000
11,2.00000
4794:00:00:000
103,254.00000
97,254.00000
92,255.00000
93,300.00000
94,3.00000
58,254.00000
4809:00:00:000
103,255.00000
98,255.00000
92,256.00000
93,100.00000
94,2.00000
59,255.00000
4814:00:00:000
103,256.00000
96,256.00000
57,256.00000
4818:00:00:000
21,2.00000
22,200.00000
23,2.00000
92,257.00000
93,200.00000
94,2.00000
4828:00:00:000
103,257.00000
97,257.00000
58,257.00000
4838:00:00:000
9,1.00000
10,100.00000
11,2.00000
92,258.00000
93,100.00000
94,2.00000
4843:00:00:000
103,258.00000
96,258.00000
57,258.00000
4852:00:00:000
21,2.00000
22,200.00000
23,2.00000
92,259.00000
93,200.00000
94,2.00000
4862:00:00:000
103,259.00000
97,259.00000
58,259.00000
4867:00:00:000
9,1.00000
10,100.00000
11,2.00000
92,260.00000
93,100.00000
94,2.00000
4872:00:00:000
103,260.00000
96,260.00000
57,260.00000
4881:00:00:000
33,3.00000
34,300.00000
35,3.00000
92,261.00000
93,300.00000
94,3.00000
4886:00:00:000
21,2.00000
22,200.00000
23,2.00000
4896:00:00:000
9,1.00000
10,100.00000
11,2.00000
103,261.00000
98,261.00000
92,262.00000
93,200.00000
94,2.00000
59,261.00000
4906:00:00:000
103,262.00000
97,262.00000
92,263.00000
93,100.00000
94,2.00000
58,262.00000
4911:00:00:000
103,263.00000
96,263.00000
57,263.00000
4930:00:00:000
27,2.00000
28,200.00000
29,2.00000
108,8.00000
109,200.00000
110,2.00000
4935:00:00:000
9,1.00000
10,100.00000
11,2.00000
92,264.00000
93,100.00000
94,2.00000
4940:00:00:000
103,264.00000
96,264.00000
57,264.00000
4964:00:00:000
9,1.00000
10,100.00000
11,2.00000
92,265.00000
93,100.00000
94,2.00000
4968:00:00:000
33,3.00000
34,300.00000
35,3.00000
4969:00:00:000
103,265.00000
96,265.00000
92,266.00000
93,300.00000
94,3.00000
57,265.00000
4970:00:00:000
119,8.00000
120,24000.00000
121,2.00000
67,24000.00000
68,2.00000
113,8.00000
65,8.00000
24,2.00000
25,200.00000
26,2.00000
76,11.00000
77,200.00000
78,2.00000
46,2.00000
47,24000.00000
48,76800.00114
2,2.00000
1,24000.00000
3,76800.00114
4984:00:00:000
103,266.00000
98,266.00000
59,266.00000
4993:00:00:000
9,1.00000
10,100.00000
11,2.00000
92,267.00000
93,100.00000
94,2.00000
4998:00:00:000
103,267.00000
96,267.00000
57,267.00000
5010:00:00:000
87,11.00000
81,11.00000
51,11.00000
5022:00:00:000
9,1.00000
10,100.00000
11,2.00000
92,268.00000
93,100.00000
94,2.00000
5027:00:00:000
103,268.00000
96,268.00000
57,268.00000
5051:00:00:000
9,1.00000
10,100.00000
11,2.00000
92,269.00000
93,100.00000
94,2.00000
5056:00:00:000
33,3.00000
34,300.00000
35,3.00000
103,269.00000
96,269.00000
92,270.00000
93,300.00000
94,3.00000
57,269.00000
5071:00:00:000
103,270.00000
98,270.00000
59,270.00000
5080:00:00:000
9,1.00000
10,100.00000
11,2.00000
92,271.00000
93,100.00000
94,2.00000
5085:00:00:000
103,271.00000
96,271.00000
57,271.00000
5109:00:00:000
9,1.00000
10,100.00000
11,2.00000
92,272.00000
93,100.00000
94,2.00000
5114:00:00:000
103,272.00000
96,272.00000
57,272.00000
5138:00:00:000
9,1.00000
10,100.00000
11,2.00000
92,273.00000
93,100.00000
94,2.00000
5143:00:00:000
33,3.00000
34,300.00000
35,3.00000
103,273.00000
96,273.00000
92,274.00000
93,300.00000
94,3.00000
57,273.00000
5158:00:00:000
103,274.00000
98,274.00000
59,274.00000
5167:00:00:000
9,1.00000
10,100.00000
11,2.00000
92,275.00000
93,100.00000
94,2.00000
5172:00:00:000
103,275.00000
96,275.00000
57,275.00000
5196:00:00:000
9,1.00000
10,100.00000
11,2.00000
92,276.00000
93,100.00000
94,2.00000
5201:00:00:000
103,276.00000
96,276.00000
57,276.00000
5225:00:00:000
9,1.00000
10,100.00000
11,2.00000
92,277.00000
93,100.00000
94,2.00000
5230:00:00:000
33,3.00000
34,300.00000
35,3.00000
103,277.00000
96,277.00000
92,278.00000
93,300.00000
94,3.00000
57,277.00000
5245:00:00:000
103,278.00000
98,278.00000
59,278.00000
5254:00:00:000
9,1.00000
10,100.00000
11,2.00000
92,279.00000
93,100.00000
94,2.00000
5259:00:00:000
103,279.00000
96,279.00000
57,279.00000
5283:00:00:000
9,1.00000
10,100.00000
11,2.00000
92,280.00000
93,100.00000
94,2.00000
5288:00:00:000
103,280.00000
96,280.00000
57,280.00000
5312:00:00:000
9,1.00000
10,100.00000
11,2.00000
92,281.00000
93,100.00000
94,2.00000
5317:00:00:000
33,3.00000
34,300.00000
35,3.00000
103,281.00000
96,281.00000
92,282.00000
93,300.00000
94,3.00000
57,281.00000
5332:00:00:000
103,282.00000
98,282.00000
59,282.00000
5341:00:00:000
9,1.00000
10,100.00000
11,2.00000
92,283.00000
93,100.00000
94,2.00000
5346:00:00:000
103,283.00000
96,283.00000
57,283.00000
5370:00:00:000
9,1.00000
10,100.00000
11,2.00000
92,284.00000
93,100.00000
94,2.00000
5375:00:00:000
103,284.00000
96,284.00000
57,284.00000
5399:00:00:000
9,1.00000
10,100.00000
11,2.00000
92,285.00000
93,100.00000
94,2.00000
5404:00:00:000
39,3.00000
40,300.00000
41,3.00000
103,285.00000
96,285.00000
57,285.00000
108,9.00000
109,300.00000
110,3.00000
5428:00:00:000
9,1.00000
10,100.00000
11,2.00000
92,286.00000
93,100.00000
94,2.00000
5433:00:00:000
103,286.00000
96,286.00000
57,286.00000
5457:00:00:000
9,1.00000
10,100.00000
11,2.00000
92,287.00000
93,100.00000
94,2.00000
5462:00:00:000
103,287.00000
96,287.00000
57,287.00000
5464:00:00:000
119,9.00000
120,51000.00000
121,3.00000
67,51000.00000
68,3.00000
114,9.00000
66,9.00000
36,3.00000
37,300.00000
38,3.00000
76,12.00000
77,300.00000
78,3.00000
46,3.00000
47,51000.00000
48,209099.99514
2,3.00000
1,51000.00000
3,209099.99514
5486:00:00:000
9,1.00000
10,100.00000
11,2.00000
92,288.00000
93,100.00000
94,2.00000
5491:00:00:000
103,288.00000
96,288.00000
57,288.00000
5515:00:00:000
9,1.00000
10,100.00000
11,2.00000
92,289.00000
93,100.00000
94,2.00000
5520:00:00:000
103,289.00000
96,289.00000
57,289.00000
5524:00:00:000
87,12.00000
82,12.00000
52,12.00000
33,3.00000
34,300.00000
35,1.00000
92,290.00000
93,300.00000
94,1.00000
5539:00:00:000
103,290.00000
98,290.00000
59,290.00000
5544:00:00:000
9,1.00000
10,100.00000
11,2.00000
92,291.00000
93,100.00000
94,2.00000
5549:00:00:000
103,291.00000
96,291.00000
57,291.00000
5573:00:00:000
9,1.00000
10,100.00000
11,2.00000
92,292.00000
93,100.00000
94,2.00000
5578:00:00:000
103,292.00000
96,292.00000
57,292.00000
5587:00:00:000
33,3.00000
34,300.00000
35,1.00000
92,293.00000
93,300.00000
94,1.00000
5602:00:00:000
9,1.00000
10,100.00000
11,2.00000
103,293.00000
98,293.00000
92,294.00000
93,100.00000
94,2.00000
59,293.00000
5607:00:00:000
103,294.00000
96,294.00000
57,294.00000
5631:00:00:000
9,1.00000
10,100.00000
11,2.00000
92,295.00000
93,100.00000
94,2.00000
5636:00:00:000
103,295.00000
96,295.00000
57,295.00000
5650:00:00:000
33,3.00000
34,300.00000
35,1.00000
92,296.00000
93,300.00000
94,1.00000
5660:00:00:000
9,1.00000
10,100.00000
11,2.00000
5665:00:00:000
103,296.00000
98,296.00000
92,297.00000
93,100.00000
94,2.00000
59,296.00000
5670:00:00:000
103,297.00000
96,297.00000
57,297.00000
5694:00:00:000
9,1.00000
10,100.00000
11,2.00000
92,298.00000
93,100.00000
94,2.00000
5699:00:00:000
103,298.00000
96,298.00000
57,298.00000
5713:00:00:000
33,3.00000
34,300.00000
35,1.00000
92,299.00000
93,300.00000
94,1.00000
5723:00:00:000
15,1.00000
16,100.00000
17,2.00000
108,10.00000
109,100.00000
110,2.00000
5728:00:00:000
103,299.00000
98,299.00000
59,299.00000
5743:00:00:000
119,10.00000
120,12000.00000
121,2.00000
67,12000.00000
68,2.00000
112,10.00000
64,10.00000
12,1.00000
13,100.00000
14,2.00000
76,13.00000
77,100.00000
78,2.00000
46,2.00000
47,12000.00000
48,38400.00057
2,2.00000
1,12000.00000
3,38400.00057
5763:00:00:000
87,13.00000
80,13.00000
50,13.00000
9,1.00000
10,100.00000
11,3.00000
92,300.00000
93,100.00000
94,3.00000
5768:00:00:000
103,300.00000
96,300.00000
57,300.00000
5776:00:00:000
33,3.00000
34,300.00000
35,1.00000
92,301.00000
93,300.00000
94,1.00000
5791:00:00:000
103,301.00000
98,301.00000
59,301.00000
5839:00:00:000
33,3.00000
34,300.00000
35,1.00000
92,302.00000
93,300.00000
94,1.00000
5840:00:00:000
9,1.00000
10,100.00000
11,3.00000
5854:00:00:000
103,302.00000
98,302.00000
92,303.00000
93,100.00000
94,3.00000
59,302.00000
5859:00:00:000
103,303.00000
96,303.00000
57,303.00000
5902:00:00:000
33,3.00000
34,300.00000
35,1.00000
92,304.00000
93,300.00000
94,1.00000
5917:00:00:000
103,304.00000
98,304.00000
59,304.00000
5931:00:00:000
9,1.00000
10,100.00000
11,3.00000
92,305.00000
93,100.00000
94,3.00000
5936:00:00:000
103,305.00000
96,305.00000
57,305.00000
5965:00:00:000
33,3.00000
34,300.00000
35,1.00000
92,306.00000
93,300.00000
94,1.00000
5980:00:00:000
103,306.00000
98,306.00000
59,306.00000
6008:00:00:000
9,1.00000
10,100.00000
11,3.00000
92,307.00000
93,100.00000
94,3.00000
6013:00:00:000
103,307.00000
96,307.00000
57,307.00000
6028:00:00:000
33,3.00000
34,300.00000
35,1.00000
92,308.00000
93,300.00000
94,1.00000
6043:00:00:000
103,308.00000
98,308.00000
59,308.00000
6085:00:00:000
9,1.00000
10,100.00000
11,3.00000
92,309.00000
93,100.00000
94,3.00000
6090:00:00:000
103,309.00000
96,309.00000
57,309.00000
6091:00:00:000
33,3.00000
34,300.00000
35,1.00000
92,310.00000
93,300.00000
94,1.00000
6106:00:00:000
103,310.00000
98,310.00000
59,310.00000
6154:00:00:000
33,3.00000
34,300.00000
35,1.00000
92,311.00000
93,300.00000
94,1.00000
6162:00:00:000
9,1.00000
10,100.00000
11,3.00000
6169:00:00:000
103,311.00000
98,311.00000
92,312.00000
93,100.00000
94,3.00000
59,311.00000
6174:00:00:000
103,312.00000
96,312.00000
57,312.00000
6217:00:00:000
33,3.00000
34,300.00000
35,1.00000
92,313.00000
93,300.00000
94,1.00000
6232:00:00:000
103,313.00000
98,313.00000
59,313.00000
6246:00:00:000
9,1.00000
10,100.00000
11,3.00000
92,314.00000
93,100.00000
94,3.00000
6251:00:00:000
103,314.00000
96,314.00000
57,314.00000
6280:00:00:000
33,3.00000
34,300.00000
35,1.00000
92,315.00000
93,300.00000
94,1.00000
6295:00:00:000
103,315.00000
98,315.00000
59,315.00000
6323:00:00:000
9,1.00000
10,100.00000
11,3.00000
92,316.00000
93,100.00000
94,3.00000
6328:00:00:000
103,316.00000
96,316.00000
57,316.00000
6343:00:00:000
33,3.00000
34,300.00000
35,1.00000
92,317.00000
93,300.00000
94,1.00000
6358:00:00:000
103,317.00000
98,317.00000
59,317.00000
6400:00:00:000
9,1.00000
10,100.00000
11,3.00000
92,318.00000
93,100.00000
94,3.00000
6405:00:00:000
103,318.00000
96,318.00000
57,318.00000
6406:00:00:000
33,3.00000
34,300.00000
35,1.00000
92,319.00000
93,300.00000
94,1.00000
6421:00:00:000
103,319.00000
98,319.00000
59,319.00000
6469:00:00:000
33,3.00000
34,300.00000
35,1.00000
92,320.00000
93,300.00000
94,1.00000
6477:00:00:000
9,1.00000
10,100.00000
11,3.00000
6484:00:00:000
103,320.00000
98,320.00000
92,321.00000
93,100.00000
94,3.00000
59,320.00000
6489:00:00:000
103,321.00000
96,321.00000
57,321.00000
6532:00:00:000
33,3.00000
34,300.00000
35,1.00000
92,322.00000
93,300.00000
94,1.00000
6547:00:00:000
103,322.00000
98,322.00000
59,322.00000
6561:00:00:000
9,1.00000
10,100.00000
11,3.00000
92,323.00000
93,100.00000
94,3.00000
6566:00:00:000
103,323.00000
96,323.00000
57,323.00000
6595:00:00:000
33,3.00000
34,300.00000
35,1.00000
92,324.00000
93,300.00000
94,1.00000
6610:00:00:000
103,324.00000
98,324.00000
59,324.00000
6638:00:00:000
9,1.00000
10,100.00000
11,3.00000
92,325.00000
93,100.00000
94,3.00000
6643:00:00:000
103,325.00000
96,325.00000
57,325.00000
6658:00:00:000
33,3.00000
34,300.00000
35,1.00000
92,326.00000
93,300.00000
94,1.00000
6673:00:00:000
103,326.00000
98,326.00000
59,326.00000
6715:00:00:000
9,1.00000
10,100.00000
11,3.00000
92,327.00000
93,100.00000
94,3.00000
6720:00:00:000
103,327.00000
96,327.00000
57,327.00000
6721:00:00:000
33,3.00000
34,300.00000
35,1.00000
92,328.00000
93,300.00000
94,1.00000
6736:00:00:000
103,328.00000
98,328.00000
59,328.00000
6784:00:00:000
33,3.00000
34,300.00000
35,1.00000
92,329.00000
93,300.00000
94,1.00000
6792:00:00:000
9,1.00000
10,100.00000
11,3.00000
6799:00:00:000
103,329.00000
98,329.00000
92,330.00000
93,100.00000
94,3.00000
59,329.00000
6804:00:00:000
103,330.00000
96,330.00000
57,330.00000
6847:00:00:000
33,3.00000
34,300.00000
35,1.00000
92,331.00000
93,300.00000
94,1.00000
6862:00:00:000
103,331.00000
98,331.00000
59,331.00000
6876:00:00:000
9,1.00000
10,100.00000
11,3.00000
92,332.00000
93,100.00000
94,3.00000
6881:00:00:000
103,332.00000
96,332.00000
57,332.00000
6910:00:00:000
33,3.00000
34,300.00000
35,1.00000
92,333.00000
93,300.00000
94,1.00000
6925:00:00:000
103,333.00000
98,333.00000
59,333.00000
6953:00:00:000
9,1.00000
10,100.00000
11,3.00000
92,334.00000
93,100.00000
94,3.00000
6958:00:00:000
103,334.00000
96,334.00000
57,334.00000
6973:00:00:000
33,3.00000
34,300.00000
35,1.00000
92,335.00000
93,300.00000
94,1.00000
6988:00:00:000
103,335.00000
98,335.00000
59,335.00000
7030:00:00:000
9,1.00000
10,100.00000
11,3.00000
92,336.00000
93,100.00000
94,3.00000
7035:00:00:000
103,336.00000
96,336.00000
57,336.00000
7036:00:00:000
33,3.00000
34,300.00000
35,1.00000
92,337.00000
93,300.00000
94,1.00000
7051:00:00:000
103,337.00000
98,337.00000
59,337.00000
7099:00:00:000
39,3.00000
40,300.00000
41,1.00000
108,11.00000
109,300.00000
110,1.00000
7107:00:00:000
9,1.00000
10,100.00000
11,3.00000
92,338.00000
93,100.00000
94,3.00000
7112:00:00:000
103,338.00000
96,338.00000
57,338.00000
7159:00:00:000
119,11.00000
120,45000.00000
121,1.00000
67,45000.00000
68,1.00000
114,11.00000
66,11.00000
36,3.00000
37,300.00000
38,1.00000
76,14.00000
77,300.00000
78,1.00000
46,1.00000
47,45000.00000
48,112500.00000
2,1.00000
1,45000.00000
3,112500.00000
7184:00:00:000
9,1.00000
10,100.00000
11,3.00000
92,339.00000
93,100.00000
94,3.00000
7189:00:00:000
103,339.00000
96,339.00000
57,339.00000
7219:00:00:000
87,14.00000
82,14.00000
52,14.00000
33,3.00000
34,300.00000
35,2.00000
92,340.00000
93,300.00000
94,2.00000
7234:00:00:000
103,340.00000
98,340.00000
59,340.00000
7258:00:00:000
33,3.00000
34,300.00000
35,2.00000
92,341.00000
93,300.00000
94,2.00000
7261:00:00:000
9,1.00000
10,100.00000
11,3.00000
7273:00:00:000
103,341.00000
98,341.00000
92,342.00000
93,100.00000
94,3.00000
59,341.00000
7278:00:00:000
103,342.00000
96,342.00000
57,342.00000
7297:00:00:000
33,3.00000
34,300.00000
35,2.00000
92,343.00000
93,300.00000
94,2.00000
7312:00:00:000
103,343.00000
98,343.00000
59,343.00000
7336:00:00:000
33,3.00000
34,300.00000
35,2.00000
92,344.00000
93,300.00000
94,2.00000
7350:00:00:000
15,1.00000
16,100.00000
17,3.00000
108,12.00000
109,100.00000
110,3.00000
7351:00:00:000
103,344.00000
98,344.00000
59,344.00000
7370:00:00:000
119,12.00000
120,17000.00000
121,3.00000
67,17000.00000
68,3.00000
112,12.00000
64,12.00000
12,1.00000
13,100.00000
14,3.00000
76,15.00000
77,100.00000
78,3.00000
46,3.00000
47,17000.00000
48,69699.99838
2,3.00000
1,17000.00000
3,69699.99838
7375:00:00:000
33,3.00000
34,300.00000
35,2.00000
92,345.00000
93,300.00000
94,2.00000
7390:00:00:000
87,15.00000
80,15.00000
50,15.00000
9,1.00000
10,100.00000
11,1.00000
103,345.00000
98,345.00000
92,346.00000
93,100.00000
94,1.00000
59,345.00000
7395:00:00:000
103,346.00000
96,346.00000
57,346.00000
7414:00:00:000
33,3.00000
34,300.00000
35,2.00000
92,347.00000
93,300.00000
94,2.00000
7429:00:00:000
103,347.00000
98,347.00000
59,347.00000
7443:00:00:000
9,1.00000
10,100.00000
11,1.00000
92,348.00000
93,100.00000
94,1.00000
7448:00:00:000
103,348.00000
96,348.00000
57,348.00000
7453:00:00:000
33,3.00000
34,300.00000
35,2.00000
92,349.00000
93,300.00000
94,2.00000
7468:00:00:000
103,349.00000
98,349.00000
59,349.00000
7492:00:00:000
33,3.00000
34,300.00000
35,2.00000
92,350.00000
93,300.00000
94,2.00000
7496:00:00:000
9,1.00000
10,100.00000
11,1.00000
7507:00:00:000
103,350.00000
98,350.00000
92,351.00000
93,100.00000
94,1.00000
59,350.00000
7512:00:00:000
103,351.00000
96,351.00000
57,351.00000
7531:00:00:000
33,3.00000
34,300.00000
35,2.00000
92,352.00000
93,300.00000
94,2.00000
7546:00:00:000
103,352.00000
98,352.00000
59,352.00000
7560:00:00:000
9,1.00000
10,100.00000
11,1.00000
92,353.00000
93,100.00000
94,1.00000
7565:00:00:000
103,353.00000
96,353.00000
57,353.00000
7570:00:00:000
33,3.00000
34,300.00000
35,2.00000
92,354.00000
93,300.00000
94,2.00000
7585:00:00:000
103,354.00000
98,354.00000
59,354.00000
7609:00:00:000
33,3.00000
34,300.00000
35,2.00000
92,355.00000
93,300.00000
94,2.00000
7613:00:00:000
9,1.00000
10,100.00000
11,1.00000
7624:00:00:000
103,355.00000
98,355.00000
92,356.00000
93,100.00000
94,1.00000
59,355.00000
7629:00:00:000
103,356.00000
96,356.00000
57,356.00000
7648:00:00:000
33,3.00000
34,300.00000
35,2.00000
92,357.00000
93,300.00000
94,2.00000
7663:00:00:000
103,357.00000
98,357.00000
59,357.00000
7677:00:00:000
9,1.00000
10,100.00000
11,1.00000
92,358.00000
93,100.00000
94,1.00000
7682:00:00:000
103,358.00000
96,358.00000
57,358.00000
7687:00:00:000
33,3.00000
34,300.00000
35,2.00000
92,359.00000
93,300.00000
94,2.00000
7702:00:00:000
103,359.00000
98,359.00000
59,359.00000
7726:00:00:000
33,3.00000
34,300.00000
35,2.00000
92,360.00000
93,300.00000
94,2.00000
7730:00:00:000
9,1.00000
10,100.00000
11,1.00000
7741:00:00:000
103,360.00000
98,360.00000
92,361.00000
93,100.00000
94,1.00000
59,360.00000
7746:00:00:000
103,361.00000
96,361.00000
57,361.00000
7765:00:00:000
33,3.00000
34,300.00000
35,2.00000
92,362.00000
93,300.00000
94,2.00000
7780:00:00:000
103,362.00000
98,362.00000
59,362.00000
7794:00:00:000
9,1.00000
10,100.00000
11,1.00000
92,363.00000
93,100.00000
94,1.00000
7799:00:00:000
103,363.00000
96,363.00000
57,363.00000
7804:00:00:000
33,3.00000
34,300.00000
35,2.00000
92,364.00000
93,300.00000
94,2.00000
7819:00:00:000
103,364.00000
98,364.00000
59,364.00000
7843:00:00:000
33,3.00000
34,300.00000
35,2.00000
92,365.00000
93,300.00000
94,2.00000
7847:00:00:000
9,1.00000
10,100.00000
11,1.00000
7858:00:00:000
103,365.00000
98,365.00000
92,366.00000
93,100.00000
94,1.00000
59,365.00000
7863:00:00:000
103,366.00000
96,366.00000
57,366.00000
7882:00:00:000
33,3.00000
34,300.00000
35,2.00000
92,367.00000
93,300.00000
94,2.00000
7897:00:00:000
103,367.00000
98,367.00000
59,367.00000
7911:00:00:000
9,1.00000
10,100.00000
11,1.00000
92,368.00000
93,100.00000
94,1.00000
7916:00:00:000
103,368.00000
96,368.00000
57,368.00000
7921:00:00:000
33,3.00000
34,300.00000
35,2.00000
92,369.00000
93,300.00000
94,2.00000
7936:00:00:000
103,369.00000
98,369.00000
59,369.00000
7960:00:00:000
33,3.00000
34,300.00000
35,2.00000
92,370.00000
93,300.00000
94,2.00000
7964:00:00:000
9,1.00000
10,100.00000
11,1.00000
7975:00:00:000
103,370.00000
98,370.00000
92,371.00000
93,100.00000
94,1.00000
59,370.00000
7980:00:00:000
103,371.00000
96,371.00000
57,371.00000
7999:00:00:000
33,3.00000
34,300.00000
35,2.00000
92,372.00000
93,300.00000
94,2.00000
8014:00:00:000
103,372.00000
98,372.00000
59,372.00000
8028:00:00:000
9,1.00000
10,100.00000
11,1.00000
92,373.00000
93,100.00000
94,1.00000
8033:00:00:000
103,373.00000
96,373.00000
57,373.00000
8038:00:00:000
33,3.00000
34,300.00000
35,2.00000
92,374.00000
93,300.00000
94,2.00000
8053:00:00:000
103,374.00000
98,374.00000
59,374.00000
8077:00:00:000
33,3.00000
34,300.00000
35,2.00000
92,375.00000
93,300.00000
94,2.00000
8081:00:00:000
9,1.00000
10,100.00000
11,1.00000
8092:00:00:000
103,375.00000
98,375.00000
92,376.00000
93,100.00000
94,1.00000
59,375.00000
8097:00:00:000
103,376.00000
96,376.00000
57,376.00000
8116:00:00:000
33,3.00000
34,300.00000
35,2.00000
92,377.00000
93,300.00000
94,2.00000
8131:00:00:000
103,377.00000
98,377.00000
59,377.00000
8145:00:00:000
9,1.00000
10,100.00000
11,1.00000
92,378.00000
93,100.00000
94,1.00000
8150:00:00:000
103,378.00000
96,378.00000
57,378.00000
8155:00:00:000
33,3.00000
34,300.00000
35,2.00000
92,379.00000
93,300.00000
94,2.00000
8170:00:00:000
103,379.00000
98,379.00000
59,379.00000
8194:00:00:000
33,3.00000
34,300.00000
35,2.00000
92,380.00000
93,300.00000
94,2.00000
8198:00:00:000
9,1.00000
10,100.00000
11,1.00000
8209:00:00:000
103,380.00000
98,380.00000
92,381.00000
93,100.00000
94,1.00000
59,380.00000
8214:00:00:000
103,381.00000
96,381.00000
57,381.00000
8233:00:00:000
33,3.00000
34,300.00000
35,2.00000
92,382.00000
93,300.00000
94,2.00000
8248:00:00:000
103,382.00000
98,382.00000
59,382.00000
8262:00:00:000
9,1.00000
10,100.00000
11,1.00000
92,383.00000
93,100.00000
94,1.00000
8267:00:00:000
103,383.00000
96,383.00000
57,383.00000
8272:00:00:000
33,3.00000
34,300.00000
35,2.00000
92,384.00000
93,300.00000
94,2.00000
8287:00:00:000
103,384.00000
98,384.00000
59,384.00000
8311:00:00:000
33,3.00000
34,300.00000
35,2.00000
92,385.00000
93,300.00000
94,2.00000
8315:00:00:000
9,1.00000
10,100.00000
11,1.00000
8326:00:00:000
103,385.00000
98,385.00000
92,386.00000
93,100.00000
94,1.00000
59,385.00000
8331:00:00:000
103,386.00000
96,386.00000
57,386.00000
8350:00:00:000
33,3.00000
34,300.00000
35,2.00000
92,387.00000
93,300.00000
94,2.00000
8365:00:00:000
103,387.00000
98,387.00000
59,387.00000
8379:00:00:000
9,1.00000
10,100.00000
11,1.00000
92,388.00000
93,100.00000
94,1.00000
8384:00:00:000
103,388.00000
96,388.00000
57,388.00000
8389:00:00:000
33,3.00000
34,300.00000
35,2.00000
92,389.00000
93,300.00000
94,2.00000
8404:00:00:000
103,389.00000
98,389.00000
59,389.00000
8428:00:00:000
33,3.00000
34,300.00000
35,2.00000
92,390.00000
93,300.00000
94,2.00000
8432:00:00:000
9,1.00000
10,100.00000
11,1.00000
8443:00:00:000
103,390.00000
98,390.00000
92,391.00000
93,100.00000
94,1.00000
59,390.00000
8448:00:00:000
103,391.00000
96,391.00000
57,391.00000
8467:00:00:000
33,3.00000
34,300.00000
35,2.00000
92,392.00000
93,300.00000
94,2.00000
8482:00:00:000
103,392.00000
98,392.00000
59,392.00000
8496:00:00:000
9,1.00000
10,100.00000
11,1.00000
92,393.00000
93,100.00000
94,1.00000
8501:00:00:000
103,393.00000
96,393.00000
57,393.00000
8506:00:00:000
33,3.00000
34,300.00000
35,2.00000
92,394.00000
93,300.00000
94,2.00000
8521:00:00:000
103,394.00000
98,394.00000
59,394.00000
8545:00:00:000
33,3.00000
34,300.00000
35,2.00000
92,395.00000
93,300.00000
94,2.00000
8549:00:00:000
9,1.00000
10,100.00000
11,1.00000
8560:00:00:000
103,395.00000
98,395.00000
92,396.00000
93,100.00000
94,1.00000
59,395.00000
8565:00:00:000
103,396.00000
96,396.00000
57,396.00000
8584:00:00:000
33,3.00000
34,300.00000
35,2.00000
92,397.00000
93,300.00000
94,2.00000
8599:00:00:000
103,397.00000
98,397.00000
59,397.00000
8613:00:00:000
9,1.00000
10,100.00000
11,1.00000
92,398.00000
93,100.00000
94,1.00000
8618:00:00:000
103,398.00000
96,398.00000
57,398.00000
8623:00:00:000
33,3.00000
34,300.00000
35,2.00000
92,399.00000
93,300.00000
94,2.00000
8638:00:00:000
103,399.00000
98,399.00000
59,399.00000
8662:00:00:000
33,3.00000
34,300.00000
35,2.00000
92,400.00000
93,300.00000
94,2.00000
8666:00:00:000
9,1.00000
10,100.00000
11,1.00000
8677:00:00:000
103,400.00000
98,400.00000
92,401.00000
93,100.00000
94,1.00000
59,400.00000
8682:00:00:000
103,401.00000
96,401.00000
57,401.00000
8701:00:00:000
33,3.00000
34,300.00000
35,2.00000
92,402.00000
93,300.00000
94,2.00000
8716:00:00:000
103,402.00000
98,402.00000
59,402.00000
8730:00:00:000
9,1.00000
10,100.00000
11,1.00000
92,403.00000
93,100.00000
94,1.00000
8735:00:00:000
103,403.00000
96,403.00000
57,403.00000
8740:00:00:000
33,3.00000
34,300.00000
35,2.00000
92,404.00000
93,300.00000
94,2.00000
8755:00:00:000
103,404.00000
98,404.00000
59,404.00000
8779:00:00:000
39,3.00000
40,300.00000
41,2.00000
108,13.00000
109,300.00000
110,2.00000
8783:00:00:000
9,1.00000
10,100.00000
11,1.00000
92,405.00000
93,100.00000
94,1.00000
8788:00:00:000
103,405.00000
96,405.00000
57,405.00000
8836:00:00:000
15,1.00000
16,100.00000
17,1.00000
8839:00:00:000
119,13.00000
120,36000.00000
121,2.00000
67,36000.00000
68,2.00000
114,13.00000
108,14.00000
109,100.00000
110,1.00000
66,13.00000
36,3.00000
37,300.00000
38,2.00000
76,16.00000
77,300.00000
78,2.00000
46,2.00000
47,36000.00000
48,115200.00172
2,2.00000
1,36000.00000
3,115200.00172
8859:00:00:000
119,14.00000
120,15000.00000
121,1.00000
67,15000.00000
68,1.00000
112,14.00000
64,14.00000
12,1.00000
13,100.00000
14,1.00000
46,1.00000
47,15000.00000
48,37500.00000
2,1.00000
1,15000.00000
3,37500.00000
8899:00:00:000
87,16.00000
82,16.00000
76,17.00000
77,100.00000
78,1.00000
52,16.00000
33,3.00000
34,300.00000
35,3.00000
92,406.00000
93,300.00000
94,3.00000
8914:00:00:000
103,406.00000
98,406.00000
59,406.00000
8919:00:00:000
87,17.00000
80,17.00000
50,17.00000
9,1.00000
10,100.00000
11,2.00000
92,407.00000
93,100.00000
94,2.00000
8924:00:00:000
103,407.00000
96,407.00000
57,407.00000
8948:00:00:000
9,1.00000
10,100.00000
11,2.00000
92,408.00000
93,100.00000
94,2.00000
8953:00:00:000
103,408.00000
96,408.00000
57,408.00000
8977:00:00:000
9,1.00000
10,100.00000
11,2.00000
92,409.00000
93,100.00000
94,2.00000
8982:00:00:000
103,409.00000
96,409.00000
57,409.00000
8986:00:00:000
33,3.00000
34,300.00000
35,3.00000
92,410.00000
93,300.00000
94,3.00000
9001:00:00:000
103,410.00000
98,410.00000
59,410.00000
9006:00:00:000
9,1.00000
10,100.00000
11,2.00000
92,411.00000
93,100.00000
94,2.00000
9011:00:00:000
103,411.00000
96,411.00000
57,411.00000
9035:00:00:000
9,1.00000
10,100.00000
11,2.00000
92,412.00000
93,100.00000
94,2.00000
9040:00:00:000
103,412.00000
96,412.00000
57,412.00000
9064:00:00:000
9,1.00000
10,100.00000
11,2.00000
92,413.00000
93,100.00000
94,2.00000
9069:00:00:000
103,413.00000
96,413.00000
57,413.00000
9073:00:00:000
33,3.00000
34,300.00000
35,3.00000
92,414.00000
93,300.00000
94,3.00000
9088:00:00:000
103,414.00000
98,414.00000
59,414.00000
9093:00:00:000
9,1.00000
10,100.00000
11,2.00000
92,415.00000
93,100.00000
94,2.00000
9098:00:00:000
103,415.00000
96,415.00000
57,415.00000
9122:00:00:000
9,1.00000
10,100.00000
11,2.00000
92,416.00000
93,100.00000
94,2.00000
9127:00:00:000
103,416.00000
96,416.00000
57,416.00000
9151:00:00:000
9,1.00000
10,100.00000
11,2.00000
92,417.00000
93,100.00000
94,2.00000
9156:00:00:000
103,417.00000
96,417.00000
57,417.00000
9160:00:00:000
33,3.00000
34,300.00000
35,3.00000
92,418.00000
93,300.00000
94,3.00000
9175:00:00:000
103,418.00000
98,418.00000
59,418.00000
9180:00:00:000
9,1.00000
10,100.00000
11,2.00000
92,419.00000
93,100.00000
94,2.00000
9185:00:00:000
103,419.00000
96,419.00000
57,419.00000
9209:00:00:000
9,1.00000
10,100.00000
11,2.00000
92,420.00000
93,100.00000
94,2.00000
9214:00:00:000
103,420.00000
96,420.00000
57,420.00000
9238:00:00:000
9,1.00000
10,100.00000
11,2.00000
92,421.00000
93,100.00000
94,2.00000
9243:00:00:000
103,421.00000
96,421.00000
57,421.00000
9247:00:00:000
33,3.00000
34,300.00000
35,3.00000
92,422.00000
93,300.00000
94,3.00000
9262:00:00:000
103,422.00000
98,422.00000
59,422.00000
9267:00:00:000
9,1.00000
10,100.00000
11,2.00000
92,423.00000
93,100.00000
94,2.00000
9272:00:00:000
103,423.00000
96,423.00000
57,423.00000
9296:00:00:000
9,1.00000
10,100.00000
11,2.00000
92,424.00000
93,100.00000
94,2.00000
9301:00:00:000
103,424.00000
96,424.00000
57,424.00000
9325:00:00:000
9,1.00000
10,100.00000
11,2.00000
92,425.00000
93,100.00000
94,2.00000
9330:00:00:000
103,425.00000
96,425.00000
57,425.00000
9334:00:00:000
33,3.00000
34,300.00000
35,3.00000
92,426.00000
93,300.00000
94,3.00000
9349:00:00:000
103,426.00000
98,426.00000
59,426.00000
9354:00:00:000
9,1.00000
10,100.00000
11,2.00000
92,427.00000
93,100.00000
94,2.00000
9359:00:00:000
103,427.00000
96,427.00000
57,427.00000
9383:00:00:000
9,1.00000
10,100.00000
11,2.00000
92,428.00000
93,100.00000
94,2.00000
9388:00:00:000
103,428.00000
96,428.00000
57,428.00000
9412:00:00:000
9,1.00000
10,100.00000
11,2.00000
92,429.00000
93,100.00000
94,2.00000
9417:00:00:000
103,429.00000
96,429.00000
57,429.00000
9421:00:00:000
33,3.00000
34,300.00000
35,3.00000
92,430.00000
93,300.00000
94,3.00000
9436:00:00:000
103,430.00000
98,430.00000
59,430.00000
9441:00:00:000
9,1.00000
10,100.00000
11,2.00000
92,431.00000
93,100.00000
94,2.00000
9446:00:00:000
103,431.00000
96,431.00000
57,431.00000
9470:00:00:000
9,1.00000
10,100.00000
11,2.00000
92,432.00000
93,100.00000
94,2.00000
9475:00:00:000
103,432.00000
96,432.00000
57,432.00000
9499:00:00:000
9,1.00000
10,100.00000
11,2.00000
92,433.00000
93,100.00000
94,2.00000
9504:00:00:000
103,433.00000
96,433.00000
57,433.00000
9508:00:00:000
33,3.00000
34,300.00000
35,3.00000
92,434.00000
93,300.00000
94,3.00000
9523:00:00:000
103,434.00000
98,434.00000
59,434.00000
9528:00:00:000
9,1.00000
10,100.00000
11,2.00000
92,435.00000
93,100.00000
94,2.00000
9533:00:00:000
103,435.00000
96,435.00000
57,435.00000
9557:00:00:000
9,1.00000
10,100.00000
11,2.00000
92,436.00000
93,100.00000
94,2.00000
9562:00:00:000
103,436.00000
96,436.00000
57,436.00000
9586:00:00:000
9,1.00000
10,100.00000
11,2.00000
92,437.00000
93,100.00000
94,2.00000
9591:00:00:000
103,437.00000
96,437.00000
57,437.00000
9595:00:00:000
33,3.00000
34,300.00000
35,3.00000
92,438.00000
93,300.00000
94,3.00000
9610:00:00:000
103,438.00000
98,438.00000
59,438.00000
9615:00:00:000
9,1.00000
10,100.00000
11,2.00000
92,439.00000
93,100.00000
94,2.00000
9620:00:00:000
103,439.00000
96,439.00000
57,439.00000
9644:00:00:000
9,1.00000
10,100.00000
11,2.00000
92,440.00000
93,100.00000
94,2.00000
9649:00:00:000
103,440.00000
96,440.00000
57,440.00000
9673:00:00:000
9,1.00000
10,100.00000
11,2.00000
92,441.00000
93,100.00000
94,2.00000
9678:00:00:000
103,441.00000
96,441.00000
57,441.00000
9682:00:00:000
33,3.00000
34,300.00000
35,3.00000
92,442.00000
93,300.00000
94,3.00000
9697:00:00:000
103,442.00000
98,442.00000
59,442.00000
9702:00:00:000
9,1.00000
10,100.00000
11,2.00000
92,443.00000
93,100.00000
94,2.00000
9707:00:00:000
103,443.00000
96,443.00000
57,443.00000
9731:00:00:000
9,1.00000
10,100.00000
11,2.00000
92,444.00000
93,100.00000
94,2.00000
9736:00:00:000
103,444.00000
96,444.00000
57,444.00000
9760:00:00:000
9,1.00000
10,100.00000
11,2.00000
92,445.00000
93,100.00000
94,2.00000
9765:00:00:000
103,445.00000
96,445.00000
57,445.00000
9769:00:00:000
33,3.00000
34,300.00000
35,3.00000
92,446.00000
93,300.00000
94,3.00000
9784:00:00:000
103,446.00000
98,446.00000
59,446.00000
9789:00:00:000
9,1.00000
10,100.00000
11,2.00000
92,447.00000
93,100.00000
94,2.00000
9794:00:00:000
103,447.00000
96,447.00000
57,447.00000
9818:00:00:000
9,1.00000
10,100.00000
11,2.00000
92,448.00000
93,100.00000
94,2.00000
9823:00:00:000
103,448.00000
96,448.00000
57,448.00000
9847:00:00:000
9,1.00000
10,100.00000
11,2.00000
92,449.00000
93,100.00000
94,2.00000
9852:00:00:000
103,449.00000
96,449.00000
57,449.00000
9856:00:00:000
33,3.00000
34,300.00000
35,3.00000
92,450.00000
93,300.00000
94,3.00000
9871:00:00:000
103,450.00000
98,450.00000
59,450.00000
9876:00:00:000
9,1.00000
10,100.00000
11,2.00000
92,451.00000
93,100.00000
94,2.00000
9881:00:00:000
103,451.00000
96,451.00000
57,451.00000
9905:00:00:000
9,1.00000
10,100.00000
11,2.00000
92,452.00000
93,100.00000
94,2.00000
9910:00:00:000
103,452.00000
96,452.00000
57,452.00000
9934:00:00:000
9,1.00000
10,100.00000
11,2.00000
92,453.00000
93,100.00000
94,2.00000
9939:00:00:000
103,453.00000
96,453.00000
57,453.00000
9943:00:00:000
33,3.00000
34,300.00000
35,3.00000
92,454.00000
93,300.00000
94,3.00000
9958:00:00:000
103,454.00000
98,454.00000
59,454.00000
9963:00:00:000
9,1.00000
10,100.00000
11,2.00000
92,455.00000
93,100.00000
94,2.00000
9968:00:00:000
103,455.00000
96,455.00000
57,455.00000
9992:00:00:000
9,1.00000
10,100.00000
11,2.00000
92,456.00000
93,100.00000
94,2.00000
9997:00:00:000
103,456.00000
96,456.00000
57,456.00000
10030:00:00:000
33,3.00000
34,300.00000
35,3.00000
92,457.00000
93,300.00000
94,3.00000
10045:00:00:000
103,457.00000
98,457.00000
59,457.00000
10117:00:00:000
33,3.00000
34,300.00000
35,3.00000
92,458.00000
93,300.00000
94,3.00000
10132:00:00:000
103,458.00000
98,458.00000
59,458.00000
10204:00:00:000
33,3.00000
34,300.00000
35,3.00000
92,459.00000
93,300.00000
94,3.00000
10219:00:00:000
103,459.00000
98,459.00000
59,459.00000
10291:00:00:000
33,3.00000
34,300.00000
35,3.00000
92,460.00000
93,300.00000
94,3.00000
10306:00:00:000
103,460.00000
98,460.00000
59,460.00000
10378:00:00:000
33,3.00000
34,300.00000
35,3.00000
92,461.00000
93,300.00000
94,3.00000
10393:00:00:000
103,461.00000
98,461.00000
59,461.00000
10465:00:00:000
33,3.00000
34,300.00000
35,3.00000
92,462.00000
93,300.00000
94,3.00000
10480:00:00:000
103,462.00000
98,462.00000
59,462.00000
10552:00:00:000
33,3.00000
34,300.00000
35,3.00000
92,463.00000
93,300.00000
94,3.00000
10567:00:00:000
103,463.00000
98,463.00000
59,463.00000
10639:00:00:000
39,3.00000
40,300.00000
41,3.00000
108,15.00000
109,300.00000
110,3.00000
10699:00:00:000
119,15.00000
120,51000.00000
121,3.00000
67,51000.00000
68,3.00000
114,15.00000
66,15.00000
36,3.00000
37,300.00000
38,3.00000
76,18.00000
77,300.00000
78,3.00000
46,3.00000
47,51000.00000
48,209099.99514
2,3.00000
1,51000.00000
3,209099.99514
10759:00:00:000
87,18.00000
82,18.00000
52,18.00000
33,3.00000
34,300.00000
35,1.00000
92,464.00000
93,300.00000
94,1.00000
10774:00:00:000
103,464.00000
98,464.00000
59,464.00000
10822:00:00:000
33,3.00000
34,300.00000
35,1.00000
92,465.00000
93,300.00000
94,1.00000
10837:00:00:000
103,465.00000
98,465.00000
59,465.00000
10885:00:00:000
33,3.00000
34,300.00000
35,1.00000
92,466.00000
93,300.00000
94,1.00000
10900:00:00:000
103,466.00000
98,466.00000
59,466.00000
10948:00:00:000
33,3.00000
34,300.00000
35,1.00000
92,467.00000
93,300.00000
94,1.00000
10963:00:00:000
103,467.00000
98,467.00000
59,467.00000
11011:00:00:000
33,3.00000
34,300.00000
35,1.00000
92,468.00000
93,300.00000
94,1.00000
11026:00:00:000
103,468.00000
98,468.00000
59,468.00000
11074:00:00:000
33,3.00000
34,300.00000
35,1.00000
92,469.00000
93,300.00000
94,1.00000
11089:00:00:000
103,469.00000
98,469.00000
59,469.00000
11137:00:00:000
33,3.00000
34,300.00000
35,1.00000
92,470.00000
93,300.00000
94,1.00000
11152:00:00:000
103,470.00000
98,470.00000
59,470.00000
11200:00:00:000
33,3.00000
34,300.00000
35,1.00000
92,471.00000
93,300.00000
94,1.00000
11215:00:00:000
103,471.00000
98,471.00000
59,471.00000
11263:00:00:000
33,3.00000
34,300.00000
35,1.00000
92,472.00000
93,300.00000
94,1.00000
11278:00:00:000
103,472.00000
98,472.00000
59,472.00000
11326:00:00:000
33,3.00000
34,300.00000
35,1.00000
92,473.00000
93,300.00000
94,1.00000
11341:00:00:000
103,473.00000
98,473.00000
59,473.00000
11389:00:00:000
33,3.00000
34,300.00000
35,1.00000
92,474.00000
93,300.00000
94,1.00000
11404:00:00:000
103,474.00000
98,474.00000
59,474.00000
11452:00:00:000
33,3.00000
34,300.00000
35,1.00000
92,475.00000
93,300.00000
94,1.00000
11467:00:00:000
103,475.00000
98,475.00000
59,475.00000
11515:00:00:000
33,3.00000
34,300.00000
35,1.00000
92,476.00000
93,300.00000
94,1.00000
11530:00:00:000
103,476.00000
98,476.00000
59,476.00000
11578:00:00:000
33,3.00000
34,300.00000
35,1.00000
92,477.00000
93,300.00000
94,1.00000
11593:00:00:000
103,477.00000
98,477.00000
59,477.00000
11641:00:00:000
33,3.00000
34,300.00000
35,1.00000
92,478.00000
93,300.00000
94,1.00000
11656:00:00:000
103,478.00000
98,478.00000
59,478.00000
11704:00:00:000
33,3.00000
34,300.00000
35,1.00000
92,479.00000
93,300.00000
94,1.00000
11719:00:00:000
103,479.00000
98,479.00000
59,479.00000
11767:00:00:000
33,3.00000
34,300.00000
35,1.00000
92,480.00000
93,300.00000
94,1.00000
11782:00:00:000
103,480.00000
98,480.00000
59,480.00000
11830:00:00:000
33,3.00000
34,300.00000
35,1.00000
92,481.00000
93,300.00000
94,1.00000
11845:00:00:000
103,481.00000
98,481.00000
59,481.00000
11893:00:00:000
33,3.00000
34,300.00000
35,1.00000
92,482.00000
93,300.00000
94,1.00000
11908:00:00:000
103,482.00000
98,482.00000
59,482.00000
11956:00:00:000
33,3.00000
34,300.00000
35,1.00000
92,483.00000
93,300.00000
94,1.00000
11971:00:00:000
103,483.00000
98,483.00000
59,483.00000
12019:00:00:000
33,3.00000
34,300.00000
35,1.00000
92,484.00000
93,300.00000
94,1.00000
12034:00:00:000
103,484.00000
98,484.00000
59,484.00000
12082:00:00:000
33,3.00000
34,300.00000
35,1.00000
92,485.00000
93,300.00000
94,1.00000
12097:00:00:000
103,485.00000
98,485.00000
59,485.00000
12145:00:00:000
33,3.00000
34,300.00000
35,1.00000
92,486.00000
93,300.00000
94,1.00000
12160:00:00:000
103,486.00000
98,486.00000
59,486.00000
12208:00:00:000
33,3.00000
34,300.00000
35,1.00000
92,487.00000
93,300.00000
94,1.00000
12223:00:00:000
103,487.00000
98,487.00000
59,487.00000
12271:00:00:000
33,3.00000
34,300.00000
35,1.00000
92,488.00000
93,300.00000
94,1.00000
12286:00:00:000
103,488.00000
98,488.00000
59,488.00000
12334:00:00:000
39,3.00000
40,300.00000
41,1.00000
108,16.00000
109,300.00000
110,1.00000
12394:00:00:000
119,16.00000
120,45000.00000
121,1.00000
67,45000.00000
68,1.00000
114,16.00000
66,16.00000
36,3.00000
37,300.00000
38,1.00000
76,19.00000
77,300.00000
78,1.00000
46,1.00000
47,45000.00000
48,112500.00000
2,1.00000
1,45000.00000
3,112500.00000
12454:00:00:000
87,19.00000
82,19.00000
52,19.00000
33,3.00000
34,300.00000
35,2.00000
92,489.00000
93,300.00000
94,2.00000
12469:00:00:000
103,489.00000
98,489.00000
59,489.00000
12493:00:00:000
33,3.00000
34,300.00000
35,2.00000
92,490.00000
93,300.00000
94,2.00000
12508:00:00:000
103,490.00000
98,490.00000
59,490.00000
12532:00:00:000
33,3.00000
34,300.00000
35,2.00000
92,491.00000
93,300.00000
94,2.00000
12547:00:00:000
103,491.00000
98,491.00000
59,491.00000
12571:00:00:000
33,3.00000
34,300.00000
35,2.00000
92,492.00000
93,300.00000
94,2.00000
12586:00:00:000
103,492.00000
98,492.00000
59,492.00000
12610:00:00:000
33,3.00000
34,300.00000
35,2.00000
92,493.00000
93,300.00000
94,2.00000
12625:00:00:000
103,493.00000
98,493.00000
59,493.00000
12649:00:00:000
33,3.00000
34,300.00000
35,2.00000
92,494.00000
93,300.00000
94,2.00000
12664:00:00:000
103,494.00000
98,494.00000
59,494.00000
12688:00:00:000
33,3.00000
34,300.00000
35,2.00000
92,495.00000
93,300.00000
94,2.00000
12703:00:00:000
103,495.00000
98,495.00000
59,495.00000
12727:00:00:000
33,3.00000
34,300.00000
35,2.00000
92,496.00000
93,300.00000
94,2.00000
12742:00:00:000
103,496.00000
98,496.00000
59,496.00000
12766:00:00:000
33,3.00000
34,300.00000
35,2.00000
92,497.00000
93,300.00000
94,2.00000
12781:00:00:000
103,497.00000
98,497.00000
59,497.00000
12805:00:00:000
33,3.00000
34,300.00000
35,2.00000
92,498.00000
93,300.00000
94,2.00000
12820:00:00:000
103,498.00000
98,498.00000
59,498.00000
12844:00:00:000
33,3.00000
34,300.00000
35,2.00000
92,499.00000
93,300.00000
94,2.00000
12859:00:00:000
103,499.00000
98,499.00000
59,499.00000
12883:00:00:000
33,3.00000
34,300.00000
35,2.00000
92,500.00000
93,300.00000
94,2.00000
12898:00:00:000
103,500.00000
98,500.00000
59,500.00000
12922:00:00:000
33,3.00000
34,300.00000
35,2.00000
92,501.00000
93,300.00000
94,2.00000
12937:00:00:000
103,501.00000
98,501.00000
59,501.00000
12961:00:00:000
33,3.00000
34,300.00000
35,2.00000
92,502.00000
93,300.00000
94,2.00000
12976:00:00:000
103,502.00000
98,502.00000
59,502.00000
13000:00:00:000
33,3.00000
34,300.00000
35,2.00000
92,503.00000
93,300.00000
94,2.00000
13015:00:00:000
103,503.00000
98,503.00000
59,503.00000
13039:00:00:000
33,3.00000
34,300.00000
35,2.00000
92,504.00000
93,300.00000
94,2.00000
13054:00:00:000
103,504.00000
98,504.00000
59,504.00000
13078:00:00:000
33,3.00000
34,300.00000
35,2.00000
92,505.00000
93,300.00000
94,2.00000
13093:00:00:000
103,505.00000
98,505.00000
59,505.00000
13117:00:00:000
33,3.00000
34,300.00000
35,2.00000
92,506.00000
93,300.00000
94,2.00000
13132:00:00:000
103,506.00000
98,506.00000
59,506.00000
13156:00:00:000
33,3.00000
34,300.00000
35,2.00000
92,507.00000
93,300.00000
94,2.00000
13171:00:00:000
103,507.00000
98,507.00000
59,507.00000
13195:00:00:000
33,3.00000
34,300.00000
35,2.00000
92,508.00000
93,300.00000
94,2.00000
13210:00:00:000
103,508.00000
98,508.00000
59,508.00000
13234:00:00:000
33,3.00000
34,300.00000
35,2.00000
92,509.00000
93,300.00000
94,2.00000
13249:00:00:000
103,509.00000
98,509.00000
59,509.00000
13273:00:00:000
33,3.00000
34,300.00000
35,2.00000
92,510.00000
93,300.00000
94,2.00000
13288:00:00:000
103,510.00000
98,510.00000
59,510.00000
13312:00:00:000
33,3.00000
34,300.00000
35,2.00000
92,511.00000
93,300.00000
94,2.00000
13327:00:00:000
103,511.00000
98,511.00000
59,511.00000
13351:00:00:000
33,3.00000
34,300.00000
35,2.00000
92,512.00000
93,300.00000
94,2.00000
13366:00:00:000
103,512.00000
98,512.00000
59,512.00000
13390:00:00:000
33,3.00000
34,300.00000
35,2.00000
92,513.00000
93,300.00000
94,2.00000
13405:00:00:000
103,513.00000
98,513.00000
59,513.00000
13429:00:00:000
33,3.00000
34,300.00000
35,2.00000
92,514.00000
93,300.00000
94,2.00000
13444:00:00:000
103,514.00000
98,514.00000
59,514.00000
13468:00:00:000
33,3.00000
34,300.00000
35,2.00000
92,515.00000
93,300.00000
94,2.00000
13483:00:00:000
103,515.00000
98,515.00000
59,515.00000
13507:00:00:000
33,3.00000
34,300.00000
35,2.00000
92,516.00000
93,300.00000
94,2.00000
13522:00:00:000
103,516.00000
98,516.00000
59,516.00000
13546:00:00:000
33,3.00000
34,300.00000
35,2.00000
92,517.00000
93,300.00000
94,2.00000
13561:00:00:000
103,517.00000
98,517.00000
59,517.00000
13585:00:00:000
33,3.00000
34,300.00000
35,2.00000
92,518.00000
93,300.00000
94,2.00000
13600:00:00:000
103,518.00000
98,518.00000
59,518.00000
13624:00:00:000
33,3.00000
34,300.00000
35,2.00000
92,519.00000
93,300.00000
94,2.00000
13639:00:00:000
103,519.00000
98,519.00000
59,519.00000
13663:00:00:000
33,3.00000
34,300.00000
35,2.00000
92,520.00000
93,300.00000
94,2.00000
13678:00:00:000
103,520.00000
98,520.00000
59,520.00000
13702:00:00:000
33,3.00000
34,300.00000
35,2.00000
92,521.00000
93,300.00000
94,2.00000
13717:00:00:000
103,521.00000
98,521.00000
59,521.00000
13741:00:00:000
33,3.00000
34,300.00000
35,2.00000
92,522.00000
93,300.00000
94,2.00000
13756:00:00:000
103,522.00000
98,522.00000
59,522.00000
13780:00:00:000
33,3.00000
34,300.00000
35,2.00000
92,523.00000
93,300.00000
94,2.00000
13795:00:00:000
103,523.00000
98,523.00000
59,523.00000
13819:00:00:000
33,3.00000
34,300.00000
35,2.00000
92,524.00000
93,300.00000
94,2.00000
13834:00:00:000
103,524.00000
98,524.00000
59,524.00000
13858:00:00:000
33,3.00000
34,300.00000
35,2.00000
92,525.00000
93,300.00000
94,2.00000
13873:00:00:000
103,525.00000
98,525.00000
59,525.00000
13897:00:00:000
33,3.00000
34,300.00000
35,2.00000
92,526.00000
93,300.00000
94,2.00000
13912:00:00:000
103,526.00000
98,526.00000
59,526.00000
13936:00:00:000
33,3.00000
34,300.00000
35,2.00000
92,527.00000
93,300.00000
94,2.00000
13951:00:00:000
103,527.00000
98,527.00000
59,527.00000
13975:00:00:000
33,3.00000
34,300.00000
35,2.00000
92,528.00000
93,300.00000
94,2.00000
13990:00:00:000
103,528.00000
98,528.00000
59,528.00000
14014:00:00:000
39,3.00000
40,300.00000
41,2.00000
108,17.00000
109,300.00000
110,2.00000
14074:00:00:000
119,17.00000
120,36000.00000
121,2.00000
67,36000.00000
68,2.00000
114,17.00000
66,17.00000
36,3.00000
37,300.00000
38,2.00000
76,20.00000
77,300.00000
78,2.00000
46,2.00000
47,36000.00000
48,115200.00172
2,2.00000
1,36000.00000
3,115200.00172
14134:00:00:000
87,20.00000
82,20.00000
52,20.00000
33,3.00000
34,300.00000
35,3.00000
92,529.00000
93,300.00000
94,3.00000
14149:00:00:000
103,529.00000
98,529.00000
59,529.00000
14221:00:00:000
33,3.00000
34,300.00000
35,3.00000
92,530.00000
93,300.00000
94,3.00000
14236:00:00:000
103,530.00000
98,530.00000
59,530.00000
14308:00:00:000
33,3.00000
34,300.00000
35,3.00000
92,531.00000
93,300.00000
94,3.00000
14323:00:00:000
103,531.00000
98,531.00000
59,531.00000
14395:00:00:000
33,3.00000
34,300.00000
35,3.00000
92,532.00000
93,300.00000
94,3.00000
14410:00:00:000
103,532.00000
98,532.00000
59,532.00000
14482:00:00:000
33,3.00000
34,300.00000
35,3.00000
92,533.00000
93,300.00000
94,3.00000
14497:00:00:000
103,533.00000
98,533.00000
59,533.00000
14569:00:00:000
33,3.00000
34,300.00000
35,3.00000
92,534.00000
93,300.00000
94,3.00000
14584:00:00:000
103,534.00000
98,534.00000
59,534.00000
14656:00:00:000
33,3.00000
34,300.00000
35,3.00000
92,535.00000
93,300.00000
94,3.00000
14671:00:00:000
103,535.00000
98,535.00000
59,535.00000
14743:00:00:000
33,3.00000
34,300.00000
35,3.00000
92,536.00000
93,300.00000
94,3.00000
14758:00:00:000
103,536.00000
98,536.00000
59,536.00000
14830:00:00:000
33,3.00000
34,300.00000
35,3.00000
92,537.00000
93,300.00000
94,3.00000
14845:00:00:000
103,537.00000
98,537.00000
59,537.00000
14917:00:00:000
33,3.00000
34,300.00000
35,3.00000
92,538.00000
93,300.00000
94,3.00000
14932:00:00:000
103,538.00000
98,538.00000
59,538.00000
