00:00:00:000
00:01:11:973
18,11,0,2.19956
00:02:23:946
17,12,0,3.39912
00:02:59:049
19,11,0,3.98415
18,10,0,3.98415
00:03:35:919
16,13,0,4.59867
00:04:11:022
18,12,0,5.18371
17,11,0,5.18371
00:04:47:892
15,14,0,5.79823
00:05:22:995
17,13,0,6.38327
16,12,0,6.38327
00:05:58:098
19,12,0,6.96831
17,10,0,6.96831
00:05:59:865
14,15,0,6.99779
00:06:34:968
16,14,0,7.58283
15,13,0,7.58283
00:07:10:071
18,13,0,8.16786
16,11,0,8.16786
00:07:11:838
13,16,0,8.19735
00:07:46:941
15,15,0,8.78238
14,14,0,8.78238
00:08:22:044
17,14,0,9.36742
15,12,0,9.36742
00:08:23:811
12,17,0,9.39690
00:08:57:147
19,13,0,9.95246
16,10,0,9.95246
00:08:58:914
14,16,0,9.98194
13,15,0,9.98194
00:09:34:017
16,15,0,10.56698
14,13,0,10.56698
00:09:35:784
11,18,0,10.59646
00:10:09:120
18,14,0,11.15202
15,11,0,11.15202
00:10:10:887
13,17,0,11.18150
12,16,0,11.18150
00:10:45:990
15,16,0,11.76654
13,14,0,11.76654
00:10:47:757
10,19,0,11.79602
00:11:21:093
17,15,0,12.35158
14,12,0,12.35158
00:11:22:860
12,18,0,12.38106
11,17,0,12.38106
00:11:30:766
20,11,0,12.51278
18,9,0,12.51278
00:11:56:196
19,14,0,12.93661
15,10,0,12.93661
00:11:57:963
14,17,0,12.96609
12,15,0,12.96609
00:11:59:730
9,20,0,12.99558
00:12:33:066
16,16,0,13.55113
13,13,0,13.55113
00:12:34:833
11,19,0,13.58061
10,18,0,13.58061
00:13:08:169
18,15,0,14.13617
14,11,0,14.13617
00:13:09:936
13,18,0,14.16565
11,16,0,14.16565
00:13:11:703
8,21,0,14.19513
00:13:17:842
20,10,0,14.29737
00:13:45:039
15,17,0,14.75069
12,14,0,14.75069
00:13:46:806
10,20,0,14.78017
9,19,0,14.78017
00:14:20:142
17,16,0,15.33573
13,12,0,15.33573
00:14:21:909
12,19,0,15.36521
10,17,0,15.36521
00:14:23:676
7,22,0,15.39469
00:14:29:815
20,12,0,15.49693
17,9,0,15.49693
00:14:55:245
19,15,0,15.92077
14,10,0,15.92077
00:14:57:012
14,18,0,15.95025
11,15,0,15.95025
00:14:58:779
9,21,0,15.97973
8,20,0,15.97973
00:15:32:115
16,17,0,16.53529
12,13,0,16.53529
00:15:33:882
11,20,0,16.56477
9,18,0,16.56477
00:15:35:649
6,23,0,16.59425
00:16:07:218
18,16,0,17.12032
13,11,0,17.12032
00:16:08:985
13,19,0,17.14981
10,16,0,17.14981
